2025-06-16T08:26:31.879927Z  INFO tailwindcss_oxide::scanner: Provided sources:
2025-06-16T08:26:31.880533Z  INFO tailwindcss_oxide::scanner: Source: PublicSourceEntry { base: "c:\\Users\\ascom\\Desktop\\next repo\\last repo\\Game", pattern: "**/*", negated: false }
2025-06-16T08:26:31.881053Z  INFO tailwindcss_oxide::scanner: Optimized sources:
2025-06-16T08:26:31.881113Z  INFO tailwindcss_oxide::scanner: Source: Auto { base: "C:\\Users\\ascom\\Desktop\\next repo\\last repo\\Game" }
2025-06-16T08:26:31.892804Z  INFO get_files: tailwindcss_oxide::scanner: enter
2025-06-16T08:26:31.892905Z  INFO get_files:scan_sources: tailwindcss_oxide::scanner: enter
2025-06-16T08:26:31.899578Z  INFO get_files:scan_sources: tailwindcss_oxide::scanner: Discovering "C:\\Users\\ascom\\Desktop\\next repo\\last repo\\Game\\components.json"
2025-06-16T08:26:31.899952Z  INFO get_files:scan_sources: tailwindcss_oxide::scanner: Discovering "C:\\Users\\ascom\\Desktop\\next repo\\last repo\\Game\\eslint.config.mjs"
2025-06-16T08:26:31.900646Z  INFO get_files:scan_sources: tailwindcss_oxide::scanner: Discovering "C:\\Users\\ascom\\Desktop\\next repo\\last repo\\Game\\next.config.js"
2025-06-16T08:26:31.900943Z  INFO get_files:scan_sources: tailwindcss_oxide::scanner: Discovering "C:\\Users\\ascom\\Desktop\\next repo\\last repo\\Game\\next.config.ts"
2025-06-16T08:26:31.901866Z  INFO get_files:scan_sources: tailwindcss_oxide::scanner: Discovering "C:\\Users\\ascom\\Desktop\\next repo\\last repo\\Game\\package.json"
2025-06-16T08:26:31.902311Z  INFO get_files:scan_sources: tailwindcss_oxide::scanner: Discovering "C:\\Users\\ascom\\Desktop\\next repo\\last repo\\Game\\postcss.config.mjs"
2025-06-16T08:26:31.902734Z  INFO get_files:scan_sources: tailwindcss_oxide::scanner: Discovering "C:\\Users\\ascom\\Desktop\\next repo\\last repo\\Game\\public"
2025-06-16T08:26:31.904437Z  INFO get_files:scan_sources: tailwindcss_oxide::scanner: Discovering "C:\\Users\\ascom\\Desktop\\next repo\\last repo\\Game\\public\\file.svg"
2025-06-16T08:26:31.908461Z  INFO get_files:scan_sources: tailwindcss_oxide::scanner: Discovering "C:\\Users\\ascom\\Desktop\\next repo\\last repo\\Game\\public\\globe.svg"
2025-06-16T08:26:31.910431Z  INFO get_files:scan_sources: tailwindcss_oxide::scanner: Discovering "C:\\Users\\ascom\\Desktop\\next repo\\last repo\\Game\\public\\next.svg"
2025-06-16T08:26:31.911197Z  INFO get_files:scan_sources: tailwindcss_oxide::scanner: Discovering "C:\\Users\\ascom\\Desktop\\next repo\\last repo\\Game\\public\\vercel.svg"
2025-06-16T08:26:31.912012Z  INFO get_files:scan_sources: tailwindcss_oxide::scanner: Discovering "C:\\Users\\ascom\\Desktop\\next repo\\last repo\\Game\\public\\window.svg"
2025-06-16T08:26:31.912631Z  INFO get_files:scan_sources: tailwindcss_oxide::scanner: Discovering "C:\\Users\\ascom\\Desktop\\next repo\\last repo\\Game\\README.md"
2025-06-16T08:26:31.912964Z  INFO get_files:scan_sources: tailwindcss_oxide::scanner: Discovering "C:\\Users\\ascom\\Desktop\\next repo\\last repo\\Game\\src"
2025-06-16T08:26:31.913445Z  INFO get_files:scan_sources: tailwindcss_oxide::scanner: Discovering "C:\\Users\\ascom\\Desktop\\next repo\\last repo\\Game\\src\\app"
2025-06-16T08:26:31.913923Z  INFO get_files:scan_sources: tailwindcss_oxide::scanner: Discovering "C:\\Users\\ascom\\Desktop\\next repo\\last repo\\Game\\src\\app\\(components)"
2025-06-16T08:26:31.914726Z  INFO get_files:scan_sources: tailwindcss_oxide::scanner: Discovering "C:\\Users\\ascom\\Desktop\\next repo\\last repo\\Game\\src\\app\\(components)\\auth"
2025-06-16T08:26:31.915225Z  INFO get_files:scan_sources: tailwindcss_oxide::scanner: Discovering "C:\\Users\\ascom\\Desktop\\next repo\\last repo\\Game\\src\\app\\(components)\\auth\\LoginForm.tsx"
2025-06-16T08:26:31.915527Z  INFO get_files:scan_sources: tailwindcss_oxide::scanner: Discovering "C:\\Users\\ascom\\Desktop\\next repo\\last repo\\Game\\src\\app\\(components)\\auth\\RegisterForm.tsx"
2025-06-16T08:26:31.915959Z  INFO get_files:scan_sources: tailwindcss_oxide::scanner: Discovering "C:\\Users\\ascom\\Desktop\\next repo\\last repo\\Game\\src\\app\\(components)\\HowWeWorkVideo.tsx"
2025-06-16T08:26:31.916403Z  INFO get_files:scan_sources: tailwindcss_oxide::scanner: Discovering "C:\\Users\\ascom\\Desktop\\next repo\\last repo\\Game\\src\\app\\(components)\\ServicesSlider.tsx"
2025-06-16T08:26:31.916736Z  INFO get_files:scan_sources: tailwindcss_oxide::scanner: Discovering "C:\\Users\\ascom\\Desktop\\next repo\\last repo\\Game\\src\\app\\(components)\\shared"
2025-06-16T08:26:31.917200Z  INFO get_files:scan_sources: tailwindcss_oxide::scanner: Discovering "C:\\Users\\ascom\\Desktop\\next repo\\last repo\\Game\\src\\app\\(components)\\shared\\Footer.tsx"
2025-06-16T08:26:31.917502Z  INFO get_files:scan_sources: tailwindcss_oxide::scanner: Discovering "C:\\Users\\ascom\\Desktop\\next repo\\last repo\\Game\\src\\app\\(components)\\shared\\GameCard.tsx"
2025-06-16T08:26:31.917783Z  INFO get_files:scan_sources: tailwindcss_oxide::scanner: Discovering "C:\\Users\\ascom\\Desktop\\next repo\\last repo\\Game\\src\\app\\(components)\\shared\\Navbar.tsx"
2025-06-16T08:26:31.918069Z  INFO get_files:scan_sources: tailwindcss_oxide::scanner: Discovering "C:\\Users\\ascom\\Desktop\\next repo\\last repo\\Game\\src\\app\\(components)\\shared\\SharedButton.tsx"
2025-06-16T08:26:31.918465Z  INFO get_files:scan_sources: tailwindcss_oxide::scanner: Discovering "C:\\Users\\ascom\\Desktop\\next repo\\last repo\\Game\\src\\app\\(components)\\styles"
2025-06-16T08:26:31.920134Z  INFO get_files:scan_sources: tailwindcss_oxide::scanner: Discovering "C:\\Users\\ascom\\Desktop\\next repo\\last repo\\Game\\src\\app\\(components)\\styles\\colors.js"
2025-06-16T08:26:31.920814Z  INFO get_files:scan_sources: tailwindcss_oxide::scanner: Discovering "C:\\Users\\ascom\\Desktop\\next repo\\last repo\\Game\\src\\app\\(components)\\styles\\fonts.js"
2025-06-16T08:26:31.921198Z  INFO get_files:scan_sources: tailwindcss_oxide::scanner: Discovering "C:\\Users\\ascom\\Desktop\\next repo\\last repo\\Game\\src\\app\\(components)\\ui"
2025-06-16T08:26:31.921735Z  INFO get_files:scan_sources: tailwindcss_oxide::scanner: Discovering "C:\\Users\\ascom\\Desktop\\next repo\\last repo\\Game\\src\\app\\(components)\\ui\\button.tsx"
2025-06-16T08:26:31.922011Z  INFO get_files:scan_sources: tailwindcss_oxide::scanner: Discovering "C:\\Users\\ascom\\Desktop\\next repo\\last repo\\Game\\src\\app\\(components)\\ui\\card.tsx"
2025-06-16T08:26:31.922304Z  INFO get_files:scan_sources: tailwindcss_oxide::scanner: Discovering "C:\\Users\\ascom\\Desktop\\next repo\\last repo\\Game\\src\\app\\(components)\\ui\\input.tsx"
2025-06-16T08:26:31.922715Z  INFO get_files:scan_sources: tailwindcss_oxide::scanner: Discovering "C:\\Users\\ascom\\Desktop\\next repo\\last repo\\Game\\src\\app\\(components)\\VideoWithPlayButton.tsx"
2025-06-16T08:26:31.923104Z  INFO get_files:scan_sources: tailwindcss_oxide::scanner: Discovering "C:\\Users\\ascom\\Desktop\\next repo\\last repo\\Game\\src\\app\\about"
2025-06-16T08:26:31.923509Z  INFO get_files:scan_sources: tailwindcss_oxide::scanner: Discovering "C:\\Users\\ascom\\Desktop\\next repo\\last repo\\Game\\src\\app\\about\\about.module.css"
2025-06-16T08:26:31.924036Z  INFO get_files:scan_sources: tailwindcss_oxide::scanner: Discovering "C:\\Users\\ascom\\Desktop\\next repo\\last repo\\Game\\src\\app\\about\\page.tsx"
2025-06-16T08:26:31.924458Z  INFO get_files:scan_sources: tailwindcss_oxide::scanner: Discovering "C:\\Users\\ascom\\Desktop\\next repo\\last repo\\Game\\src\\app\\api"
2025-06-16T08:26:31.924882Z  INFO get_files:scan_sources: tailwindcss_oxide::scanner: Discovering "C:\\Users\\ascom\\Desktop\\next repo\\last repo\\Game\\src\\app\\api\\auth"
2025-06-16T08:26:31.925460Z  INFO get_files:scan_sources: tailwindcss_oxide::scanner: Discovering "C:\\Users\\ascom\\Desktop\\next repo\\last repo\\Game\\src\\app\\api\\auth\\register"
2025-06-16T08:26:31.926108Z  INFO get_files:scan_sources: tailwindcss_oxide::scanner: Discovering "C:\\Users\\ascom\\Desktop\\next repo\\last repo\\Game\\src\\app\\api\\auth\\register\\route.ts"
2025-06-16T08:26:31.926514Z  INFO get_files:scan_sources: tailwindcss_oxide::scanner: Discovering "C:\\Users\\ascom\\Desktop\\next repo\\last repo\\Game\\src\\app\\api\\auth\\[...nextauth]"
2025-06-16T08:26:31.927097Z  INFO get_files:scan_sources: tailwindcss_oxide::scanner: Discovering "C:\\Users\\ascom\\Desktop\\next repo\\last repo\\Game\\src\\app\\api\\auth\\[...nextauth]\\lib"
2025-06-16T08:26:31.927721Z  INFO get_files:scan_sources: tailwindcss_oxide::scanner: Discovering "C:\\Users\\ascom\\Desktop\\next repo\\last repo\\Game\\src\\app\\api\\auth\\[...nextauth]\\lib\\nextAuth.ts"
2025-06-16T08:26:31.928173Z  INFO get_files:scan_sources: tailwindcss_oxide::scanner: Discovering "C:\\Users\\ascom\\Desktop\\next repo\\last repo\\Game\\src\\app\\api\\auth\\[...nextauth]\\route.ts"
2025-06-16T08:26:31.928662Z  INFO get_files:scan_sources: tailwindcss_oxide::scanner: Discovering "C:\\Users\\ascom\\Desktop\\next repo\\last repo\\Game\\src\\app\\auth"
2025-06-16T08:26:31.929123Z  INFO get_files:scan_sources: tailwindcss_oxide::scanner: Discovering "C:\\Users\\ascom\\Desktop\\next repo\\last repo\\Game\\src\\app\\auth\\error"
2025-06-16T08:26:31.929584Z  INFO get_files:scan_sources: tailwindcss_oxide::scanner: Discovering "C:\\Users\\ascom\\Desktop\\next repo\\last repo\\Game\\src\\app\\auth\\error\\page.tsx"
2025-06-16T08:26:31.929871Z  INFO get_files:scan_sources: tailwindcss_oxide::scanner: Discovering "C:\\Users\\ascom\\Desktop\\next repo\\last repo\\Game\\src\\app\\auth\\login"
2025-06-16T08:26:31.930425Z  INFO get_files:scan_sources: tailwindcss_oxide::scanner: Discovering "C:\\Users\\ascom\\Desktop\\next repo\\last repo\\Game\\src\\app\\auth\\login\\page.tsx"
2025-06-16T08:26:31.930789Z  INFO get_files:scan_sources: tailwindcss_oxide::scanner: Discovering "C:\\Users\\ascom\\Desktop\\next repo\\last repo\\Game\\src\\app\\auth\\register"
2025-06-16T08:26:31.931278Z  INFO get_files:scan_sources: tailwindcss_oxide::scanner: Discovering "C:\\Users\\ascom\\Desktop\\next repo\\last repo\\Game\\src\\app\\auth\\register\\page.tsx"
2025-06-16T08:26:31.931760Z  INFO get_files:scan_sources: tailwindcss_oxide::scanner: Discovering "C:\\Users\\ascom\\Desktop\\next repo\\last repo\\Game\\src\\app\\context"
2025-06-16T08:26:31.932348Z  INFO get_files:scan_sources: tailwindcss_oxide::scanner: Discovering "C:\\Users\\ascom\\Desktop\\next repo\\last repo\\Game\\src\\app\\context\\WishlistContext.tsx"
2025-06-16T08:26:31.932778Z  INFO get_files:scan_sources: tailwindcss_oxide::scanner: Discovering "C:\\Users\\ascom\\Desktop\\next repo\\last repo\\Game\\src\\app\\games"
2025-06-16T08:26:31.933230Z  INFO get_files:scan_sources: tailwindcss_oxide::scanner: Discovering "C:\\Users\\ascom\\Desktop\\next repo\\last repo\\Game\\src\\app\\games\\page.tsx"
2025-06-16T08:26:31.933529Z  INFO get_files:scan_sources: tailwindcss_oxide::scanner: Discovering "C:\\Users\\ascom\\Desktop\\next repo\\last repo\\Game\\src\\app\\games\\[id]"
2025-06-16T08:26:31.933966Z  INFO get_files:scan_sources: tailwindcss_oxide::scanner: Discovering "C:\\Users\\ascom\\Desktop\\next repo\\last repo\\Game\\src\\app\\games\\[id]\\page.tsx"
2025-06-16T08:26:31.934253Z  INFO get_files:scan_sources: tailwindcss_oxide::scanner: Discovering "C:\\Users\\ascom\\Desktop\\next repo\\last repo\\Game\\src\\app\\globals.css"
2025-06-16T08:26:31.934656Z  INFO get_files:scan_sources: tailwindcss_oxide::scanner: Discovering "C:\\Users\\ascom\\Desktop\\next repo\\last repo\\Game\\src\\app\\layout.tsx"
2025-06-16T08:26:31.934970Z  INFO get_files:scan_sources: tailwindcss_oxide::scanner: Discovering "C:\\Users\\ascom\\Desktop\\next repo\\last repo\\Game\\src\\app\\middleware.ts"
2025-06-16T08:26:31.935354Z  INFO get_files:scan_sources: tailwindcss_oxide::scanner: Discovering "C:\\Users\\ascom\\Desktop\\next repo\\last repo\\Game\\src\\app\\not-found.tsx"
2025-06-16T08:26:31.935613Z  INFO get_files:scan_sources: tailwindcss_oxide::scanner: Discovering "C:\\Users\\ascom\\Desktop\\next repo\\last repo\\Game\\src\\app\\page.tsx"
2025-06-16T08:26:31.935914Z  INFO get_files:scan_sources: tailwindcss_oxide::scanner: Discovering "C:\\Users\\ascom\\Desktop\\next repo\\last repo\\Game\\src\\app\\profile"
2025-06-16T08:26:31.936285Z  INFO get_files:scan_sources: tailwindcss_oxide::scanner: Discovering "C:\\Users\\ascom\\Desktop\\next repo\\last repo\\Game\\src\\app\\profile\\page.jsx"
2025-06-16T08:26:31.936895Z  INFO get_files:scan_sources: tailwindcss_oxide::scanner: Discovering "C:\\Users\\ascom\\Desktop\\next repo\\last repo\\Game\\src\\app\\providers"
2025-06-16T08:26:31.937470Z  INFO get_files:scan_sources: tailwindcss_oxide::scanner: Discovering "C:\\Users\\ascom\\Desktop\\next repo\\last repo\\Game\\src\\app\\providers\\NextAuthProvider.tsx"
2025-06-16T08:26:31.938356Z  INFO get_files:scan_sources: tailwindcss_oxide::scanner: Discovering "C:\\Users\\ascom\\Desktop\\next repo\\last repo\\Game\\src\\app\\site.webmanifest"
2025-06-16T08:26:31.938857Z  INFO get_files:scan_sources: tailwindcss_oxide::scanner: Discovering "C:\\Users\\ascom\\Desktop\\next repo\\last repo\\Game\\src\\app\\test"
2025-06-16T08:26:31.939639Z  INFO get_files:scan_sources: tailwindcss_oxide::scanner: Discovering "C:\\Users\\ascom\\Desktop\\next repo\\last repo\\Game\\src\\app\\test\\page.tsx"
2025-06-16T08:26:31.939989Z  INFO get_files:scan_sources: tailwindcss_oxide::scanner: Discovering "C:\\Users\\ascom\\Desktop\\next repo\\last repo\\Game\\src\\app\\watch-list"
2025-06-16T08:26:31.940557Z  INFO get_files:scan_sources: tailwindcss_oxide::scanner: Discovering "C:\\Users\\ascom\\Desktop\\next repo\\last repo\\Game\\src\\app\\watch-list\\page.tsx"
2025-06-16T08:26:31.940959Z  INFO get_files:scan_sources: tailwindcss_oxide::scanner: Discovering "C:\\Users\\ascom\\Desktop\\next repo\\last repo\\Game\\src\\components"
2025-06-16T08:26:31.941464Z  INFO get_files:scan_sources: tailwindcss_oxide::scanner: Discovering "C:\\Users\\ascom\\Desktop\\next repo\\last repo\\Game\\src\\components\\ui"
2025-06-16T08:26:31.942029Z  INFO get_files:scan_sources: tailwindcss_oxide::scanner: Discovering "C:\\Users\\ascom\\Desktop\\next repo\\last repo\\Game\\src\\components\\ui\\avatar.tsx"
2025-06-16T08:26:31.942533Z  INFO get_files:scan_sources: tailwindcss_oxide::scanner: Discovering "C:\\Users\\ascom\\Desktop\\next repo\\last repo\\Game\\src\\components\\ui\\separator.tsx"
2025-06-16T08:26:31.942929Z  INFO get_files:scan_sources: tailwindcss_oxide::scanner: Discovering "C:\\Users\\ascom\\Desktop\\next repo\\last repo\\Game\\src\\lib"
2025-06-16T08:26:31.943385Z  INFO get_files:scan_sources: tailwindcss_oxide::scanner: Discovering "C:\\Users\\ascom\\Desktop\\next repo\\last repo\\Game\\src\\lib\\authSchemas.ts"
2025-06-16T08:26:31.943614Z  INFO get_files:scan_sources: tailwindcss_oxide::scanner: Discovering "C:\\Users\\ascom\\Desktop\\next repo\\last repo\\Game\\src\\lib\\data.js"
2025-06-16T08:26:31.944006Z  INFO get_files:scan_sources: tailwindcss_oxide::scanner: Discovering "C:\\Users\\ascom\\Desktop\\next repo\\last repo\\Game\\src\\lib\\mongodb.ts"
2025-06-16T08:26:31.944252Z  INFO get_files:scan_sources: tailwindcss_oxide::scanner: Discovering "C:\\Users\\ascom\\Desktop\\next repo\\last repo\\Game\\src\\lib\\rowData.json"
2025-06-16T08:26:31.944528Z  INFO get_files:scan_sources: tailwindcss_oxide::scanner: Discovering "C:\\Users\\ascom\\Desktop\\next repo\\last repo\\Game\\src\\lib\\utils.js"
2025-06-16T08:26:31.944778Z  INFO get_files:scan_sources: tailwindcss_oxide::scanner: Discovering "C:\\Users\\ascom\\Desktop\\next repo\\last repo\\Game\\src\\lib\\utils.ts"
2025-06-16T08:26:31.945087Z  INFO get_files:scan_sources: tailwindcss_oxide::scanner: Discovering "C:\\Users\\ascom\\Desktop\\next repo\\last repo\\Game\\src\\middleware.ts"
2025-06-16T08:26:31.945409Z  INFO get_files:scan_sources: tailwindcss_oxide::scanner: Discovering "C:\\Users\\ascom\\Desktop\\next repo\\last repo\\Game\\src\\models"
2025-06-16T08:26:31.945905Z  INFO get_files:scan_sources: tailwindcss_oxide::scanner: Discovering "C:\\Users\\ascom\\Desktop\\next repo\\last repo\\Game\\src\\models\\User.ts"
2025-06-16T08:26:31.946274Z  INFO get_files:scan_sources: tailwindcss_oxide::scanner: Discovering "C:\\Users\\ascom\\Desktop\\next repo\\last repo\\Game\\tsconfig.json"
2025-06-16T08:26:31.946634Z  INFO get_files:scan_sources: tailwindcss_oxide::scanner: exit
2025-06-16T08:26:31.950453Z  INFO get_files: tailwindcss_oxide::scanner: exit
2025-06-16T08:26:31.950946Z  INFO get_globs: tailwindcss_oxide::scanner: enter
2025-06-16T08:26:31.950972Z  INFO get_globs:scan_sources: tailwindcss_oxide::scanner: enter
2025-06-16T08:26:31.956205Z  INFO get_globs:scan_sources: tailwindcss_oxide::scanner: Discovering "C:\\Users\\ascom\\Desktop\\next repo\\last repo\\Game\\public"
2025-06-16T08:26:31.957426Z  INFO get_globs:scan_sources: tailwindcss_oxide::scanner: Discovering "C:\\Users\\ascom\\Desktop\\next repo\\last repo\\Game\\src"
2025-06-16T08:26:31.957894Z  INFO get_globs:scan_sources: tailwindcss_oxide::scanner: Discovering "C:\\Users\\ascom\\Desktop\\next repo\\last repo\\Game\\src\\app"
2025-06-16T08:26:31.958366Z  INFO get_globs:scan_sources: tailwindcss_oxide::scanner: Discovering "C:\\Users\\ascom\\Desktop\\next repo\\last repo\\Game\\src\\app\\(components)"
2025-06-16T08:26:31.958804Z  INFO get_globs:scan_sources: tailwindcss_oxide::scanner: Discovering "C:\\Users\\ascom\\Desktop\\next repo\\last repo\\Game\\src\\app\\(components)\\auth"
2025-06-16T08:26:31.959711Z  INFO get_globs:scan_sources: tailwindcss_oxide::scanner: Discovering "C:\\Users\\ascom\\Desktop\\next repo\\last repo\\Game\\src\\app\\(components)\\shared"
2025-06-16T08:26:31.960566Z  INFO get_globs:scan_sources: tailwindcss_oxide::scanner: Discovering "C:\\Users\\ascom\\Desktop\\next repo\\last repo\\Game\\src\\app\\(components)\\styles"
2025-06-16T08:26:31.961226Z  INFO get_globs:scan_sources: tailwindcss_oxide::scanner: Discovering "C:\\Users\\ascom\\Desktop\\next repo\\last repo\\Game\\src\\app\\(components)\\ui"
2025-06-16T08:26:31.962200Z  INFO get_globs:scan_sources: tailwindcss_oxide::scanner: Discovering "C:\\Users\\ascom\\Desktop\\next repo\\last repo\\Game\\src\\app\\about"
2025-06-16T08:26:31.962954Z  INFO get_globs:scan_sources: tailwindcss_oxide::scanner: Discovering "C:\\Users\\ascom\\Desktop\\next repo\\last repo\\Game\\src\\app\\api"
2025-06-16T08:26:31.963373Z  INFO get_globs:scan_sources: tailwindcss_oxide::scanner: Discovering "C:\\Users\\ascom\\Desktop\\next repo\\last repo\\Game\\src\\app\\api\\auth"
2025-06-16T08:26:31.963850Z  INFO get_globs:scan_sources: tailwindcss_oxide::scanner: Discovering "C:\\Users\\ascom\\Desktop\\next repo\\last repo\\Game\\src\\app\\api\\auth\\register"
2025-06-16T08:26:31.964447Z  INFO get_globs:scan_sources: tailwindcss_oxide::scanner: Discovering "C:\\Users\\ascom\\Desktop\\next repo\\last repo\\Game\\src\\app\\api\\auth\\[...nextauth]"
2025-06-16T08:26:31.964882Z  INFO get_globs:scan_sources: tailwindcss_oxide::scanner: Discovering "C:\\Users\\ascom\\Desktop\\next repo\\last repo\\Game\\src\\app\\api\\auth\\[...nextauth]\\lib"
2025-06-16T08:26:31.972651Z  INFO get_globs:scan_sources: tailwindcss_oxide::scanner: Discovering "C:\\Users\\ascom\\Desktop\\next repo\\last repo\\Game\\src\\app\\auth"
2025-06-16T08:26:31.973208Z  INFO get_globs:scan_sources: tailwindcss_oxide::scanner: Discovering "C:\\Users\\ascom\\Desktop\\next repo\\last repo\\Game\\src\\app\\auth\\error"
2025-06-16T08:26:31.973845Z  INFO get_globs:scan_sources: tailwindcss_oxide::scanner: Discovering "C:\\Users\\ascom\\Desktop\\next repo\\last repo\\Game\\src\\app\\auth\\login"
2025-06-16T08:26:31.974501Z  INFO get_globs:scan_sources: tailwindcss_oxide::scanner: Discovering "C:\\Users\\ascom\\Desktop\\next repo\\last repo\\Game\\src\\app\\auth\\register"
2025-06-16T08:26:31.975170Z  INFO get_globs:scan_sources: tailwindcss_oxide::scanner: Discovering "C:\\Users\\ascom\\Desktop\\next repo\\last repo\\Game\\src\\app\\context"
2025-06-16T08:26:31.975857Z  INFO get_globs:scan_sources: tailwindcss_oxide::scanner: Discovering "C:\\Users\\ascom\\Desktop\\next repo\\last repo\\Game\\src\\app\\games"
2025-06-16T08:26:31.976403Z  INFO get_globs:scan_sources: tailwindcss_oxide::scanner: Discovering "C:\\Users\\ascom\\Desktop\\next repo\\last repo\\Game\\src\\app\\games\\[id]"
2025-06-16T08:26:31.977903Z  INFO get_globs:scan_sources: tailwindcss_oxide::scanner: Discovering "C:\\Users\\ascom\\Desktop\\next repo\\last repo\\Game\\src\\app\\profile"
2025-06-16T08:26:31.981887Z  INFO get_globs:scan_sources: tailwindcss_oxide::scanner: Discovering "C:\\Users\\ascom\\Desktop\\next repo\\last repo\\Game\\src\\app\\providers"
2025-06-16T08:26:31.983378Z  INFO get_globs:scan_sources: tailwindcss_oxide::scanner: Discovering "C:\\Users\\ascom\\Desktop\\next repo\\last repo\\Game\\src\\app\\test"
2025-06-16T08:26:31.984273Z  INFO get_globs:scan_sources: tailwindcss_oxide::scanner: Discovering "C:\\Users\\ascom\\Desktop\\next repo\\last repo\\Game\\src\\app\\watch-list"
2025-06-16T08:26:31.985069Z  INFO get_globs:scan_sources: tailwindcss_oxide::scanner: Discovering "C:\\Users\\ascom\\Desktop\\next repo\\last repo\\Game\\src\\components"
2025-06-16T08:26:31.985502Z  INFO get_globs:scan_sources: tailwindcss_oxide::scanner: Discovering "C:\\Users\\ascom\\Desktop\\next repo\\last repo\\Game\\src\\components\\ui"
2025-06-16T08:26:31.986214Z  INFO get_globs:scan_sources: tailwindcss_oxide::scanner: Discovering "C:\\Users\\ascom\\Desktop\\next repo\\last repo\\Game\\src\\lib"
2025-06-16T08:26:31.987633Z  INFO get_globs:scan_sources: tailwindcss_oxide::scanner: Discovering "C:\\Users\\ascom\\Desktop\\next repo\\last repo\\Game\\src\\models"
2025-06-16T08:26:31.988583Z  INFO get_globs:scan_sources: tailwindcss_oxide::scanner: exit
2025-06-16T08:26:32.013542Z  INFO get_globs: tailwindcss_oxide::scanner: exit
2025-06-16T08:26:32.161801Z  INFO tailwindcss_oxide::scanner: Provided sources:
2025-06-16T08:26:32.161826Z  INFO tailwindcss_oxide::scanner: Source: PublicSourceEntry { base: "c:\\Users\\ascom\\Desktop\\next repo\\last repo\\Game", pattern: "**/*", negated: false }
2025-06-16T08:26:32.161991Z  INFO tailwindcss_oxide::scanner: Optimized sources:
2025-06-16T08:26:32.162006Z  INFO tailwindcss_oxide::scanner: Source: Auto { base: "C:\\Users\\ascom\\Desktop\\next repo\\last repo\\Game" }
2025-06-16T08:26:32.162108Z  INFO get_files: tailwindcss_oxide::scanner: enter
2025-06-16T08:26:32.162125Z  INFO get_files:scan_sources: tailwindcss_oxide::scanner: enter
2025-06-16T08:26:32.165492Z  INFO get_files:scan_sources: tailwindcss_oxide::scanner: Discovering "C:\\Users\\ascom\\Desktop\\next repo\\last repo\\Game\\components.json"
2025-06-16T08:26:32.165702Z  INFO get_files:scan_sources: tailwindcss_oxide::scanner: Discovering "C:\\Users\\ascom\\Desktop\\next repo\\last repo\\Game\\eslint.config.mjs"
2025-06-16T08:26:32.165895Z  INFO get_files:scan_sources: tailwindcss_oxide::scanner: Discovering "C:\\Users\\ascom\\Desktop\\next repo\\last repo\\Game\\next.config.js"
2025-06-16T08:26:32.166078Z  INFO get_files:scan_sources: tailwindcss_oxide::scanner: Discovering "C:\\Users\\ascom\\Desktop\\next repo\\last repo\\Game\\next.config.ts"
2025-06-16T08:26:32.166654Z  INFO get_files:scan_sources: tailwindcss_oxide::scanner: Discovering "C:\\Users\\ascom\\Desktop\\next repo\\last repo\\Game\\package.json"
2025-06-16T08:26:32.166833Z  INFO get_files:scan_sources: tailwindcss_oxide::scanner: Discovering "C:\\Users\\ascom\\Desktop\\next repo\\last repo\\Game\\postcss.config.mjs"
2025-06-16T08:26:32.167080Z  INFO get_files:scan_sources: tailwindcss_oxide::scanner: Discovering "C:\\Users\\ascom\\Desktop\\next repo\\last repo\\Game\\public"
2025-06-16T08:26:32.167455Z  INFO get_files:scan_sources: tailwindcss_oxide::scanner: Discovering "C:\\Users\\ascom\\Desktop\\next repo\\last repo\\Game\\public\\file.svg"
2025-06-16T08:26:32.167651Z  INFO get_files:scan_sources: tailwindcss_oxide::scanner: Discovering "C:\\Users\\ascom\\Desktop\\next repo\\last repo\\Game\\public\\globe.svg"
2025-06-16T08:26:32.167895Z  INFO get_files:scan_sources: tailwindcss_oxide::scanner: Discovering "C:\\Users\\ascom\\Desktop\\next repo\\last repo\\Game\\public\\next.svg"
2025-06-16T08:26:32.168139Z  INFO get_files:scan_sources: tailwindcss_oxide::scanner: Discovering "C:\\Users\\ascom\\Desktop\\next repo\\last repo\\Game\\public\\vercel.svg"
2025-06-16T08:26:32.168338Z  INFO get_files:scan_sources: tailwindcss_oxide::scanner: Discovering "C:\\Users\\ascom\\Desktop\\next repo\\last repo\\Game\\public\\window.svg"
2025-06-16T08:26:32.168589Z  INFO get_files:scan_sources: tailwindcss_oxide::scanner: Discovering "C:\\Users\\ascom\\Desktop\\next repo\\last repo\\Game\\README.md"
2025-06-16T08:26:32.168843Z  INFO get_files:scan_sources: tailwindcss_oxide::scanner: Discovering "C:\\Users\\ascom\\Desktop\\next repo\\last repo\\Game\\src"
2025-06-16T08:26:32.169252Z  INFO get_files:scan_sources: tailwindcss_oxide::scanner: Discovering "C:\\Users\\ascom\\Desktop\\next repo\\last repo\\Game\\src\\app"
2025-06-16T08:26:32.169647Z  INFO get_files:scan_sources: tailwindcss_oxide::scanner: Discovering "C:\\Users\\ascom\\Desktop\\next repo\\last repo\\Game\\src\\app\\(components)"
2025-06-16T08:26:32.170035Z  INFO get_files:scan_sources: tailwindcss_oxide::scanner: Discovering "C:\\Users\\ascom\\Desktop\\next repo\\last repo\\Game\\src\\app\\(components)\\auth"
2025-06-16T08:26:32.170345Z  INFO get_files:scan_sources: tailwindcss_oxide::scanner: Discovering "C:\\Users\\ascom\\Desktop\\next repo\\last repo\\Game\\src\\app\\(components)\\auth\\LoginForm.tsx"
2025-06-16T08:26:32.170520Z  INFO get_files:scan_sources: tailwindcss_oxide::scanner: Discovering "C:\\Users\\ascom\\Desktop\\next repo\\last repo\\Game\\src\\app\\(components)\\auth\\RegisterForm.tsx"
2025-06-16T08:26:32.170751Z  INFO get_files:scan_sources: tailwindcss_oxide::scanner: Discovering "C:\\Users\\ascom\\Desktop\\next repo\\last repo\\Game\\src\\app\\(components)\\HowWeWorkVideo.tsx"
2025-06-16T08:26:32.170928Z  INFO get_files:scan_sources: tailwindcss_oxide::scanner: Discovering "C:\\Users\\ascom\\Desktop\\next repo\\last repo\\Game\\src\\app\\(components)\\ServicesSlider.tsx"
2025-06-16T08:26:32.171300Z  INFO get_files:scan_sources: tailwindcss_oxide::scanner: Discovering "C:\\Users\\ascom\\Desktop\\next repo\\last repo\\Game\\src\\app\\(components)\\shared"
2025-06-16T08:26:32.171679Z  INFO get_files:scan_sources: tailwindcss_oxide::scanner: Discovering "C:\\Users\\ascom\\Desktop\\next repo\\last repo\\Game\\src\\app\\(components)\\shared\\Footer.tsx"
2025-06-16T08:26:32.171870Z  INFO get_files:scan_sources: tailwindcss_oxide::scanner: Discovering "C:\\Users\\ascom\\Desktop\\next repo\\last repo\\Game\\src\\app\\(components)\\shared\\GameCard.tsx"
2025-06-16T08:26:32.172067Z  INFO get_files:scan_sources: tailwindcss_oxide::scanner: Discovering "C:\\Users\\ascom\\Desktop\\next repo\\last repo\\Game\\src\\app\\(components)\\shared\\Navbar.tsx"
2025-06-16T08:26:32.172287Z  INFO get_files:scan_sources: tailwindcss_oxide::scanner: Discovering "C:\\Users\\ascom\\Desktop\\next repo\\last repo\\Game\\src\\app\\(components)\\shared\\SharedButton.tsx"
2025-06-16T08:26:32.172739Z  INFO get_files:scan_sources: tailwindcss_oxide::scanner: Discovering "C:\\Users\\ascom\\Desktop\\next repo\\last repo\\Game\\src\\app\\(components)\\styles"
2025-06-16T08:26:32.173257Z  INFO get_files:scan_sources: tailwindcss_oxide::scanner: Discovering "C:\\Users\\ascom\\Desktop\\next repo\\last repo\\Game\\src\\app\\(components)\\styles\\colors.js"
2025-06-16T08:26:32.173537Z  INFO get_files:scan_sources: tailwindcss_oxide::scanner: Discovering "C:\\Users\\ascom\\Desktop\\next repo\\last repo\\Game\\src\\app\\(components)\\styles\\fonts.js"
2025-06-16T08:26:32.173905Z  INFO get_files:scan_sources: tailwindcss_oxide::scanner: Discovering "C:\\Users\\ascom\\Desktop\\next repo\\last repo\\Game\\src\\app\\(components)\\ui"
2025-06-16T08:26:32.174407Z  INFO get_files:scan_sources: tailwindcss_oxide::scanner: Discovering "C:\\Users\\ascom\\Desktop\\next repo\\last repo\\Game\\src\\app\\(components)\\ui\\button.tsx"
2025-06-16T08:26:32.174913Z  INFO get_files:scan_sources: tailwindcss_oxide::scanner: Discovering "C:\\Users\\ascom\\Desktop\\next repo\\last repo\\Game\\src\\app\\(components)\\ui\\card.tsx"
2025-06-16T08:26:32.175320Z  INFO get_files:scan_sources: tailwindcss_oxide::scanner: Discovering "C:\\Users\\ascom\\Desktop\\next repo\\last repo\\Game\\src\\app\\(components)\\ui\\input.tsx"
2025-06-16T08:26:32.175610Z  INFO get_files:scan_sources: tailwindcss_oxide::scanner: Discovering "C:\\Users\\ascom\\Desktop\\next repo\\last repo\\Game\\src\\app\\(components)\\VideoWithPlayButton.tsx"
2025-06-16T08:26:32.175965Z  INFO get_files:scan_sources: tailwindcss_oxide::scanner: Discovering "C:\\Users\\ascom\\Desktop\\next repo\\last repo\\Game\\src\\app\\about"
2025-06-16T08:26:32.176374Z  INFO get_files:scan_sources: tailwindcss_oxide::scanner: Discovering "C:\\Users\\ascom\\Desktop\\next repo\\last repo\\Game\\src\\app\\about\\about.module.css"
2025-06-16T08:26:32.176587Z  INFO get_files:scan_sources: tailwindcss_oxide::scanner: Discovering "C:\\Users\\ascom\\Desktop\\next repo\\last repo\\Game\\src\\app\\about\\page.tsx"
2025-06-16T08:26:32.176965Z  INFO get_files:scan_sources: tailwindcss_oxide::scanner: Discovering "C:\\Users\\ascom\\Desktop\\next repo\\last repo\\Game\\src\\app\\api"
2025-06-16T08:26:32.177386Z  INFO get_files:scan_sources: tailwindcss_oxide::scanner: Discovering "C:\\Users\\ascom\\Desktop\\next repo\\last repo\\Game\\src\\app\\api\\auth"
2025-06-16T08:26:32.177815Z  INFO get_files:scan_sources: tailwindcss_oxide::scanner: Discovering "C:\\Users\\ascom\\Desktop\\next repo\\last repo\\Game\\src\\app\\api\\auth\\register"
2025-06-16T08:26:32.178185Z  INFO get_files:scan_sources: tailwindcss_oxide::scanner: Discovering "C:\\Users\\ascom\\Desktop\\next repo\\last repo\\Game\\src\\app\\api\\auth\\register\\route.ts"
2025-06-16T08:26:32.178564Z  INFO get_files:scan_sources: tailwindcss_oxide::scanner: Discovering "C:\\Users\\ascom\\Desktop\\next repo\\last repo\\Game\\src\\app\\api\\auth\\[...nextauth]"
2025-06-16T08:26:32.178994Z  INFO get_files:scan_sources: tailwindcss_oxide::scanner: Discovering "C:\\Users\\ascom\\Desktop\\next repo\\last repo\\Game\\src\\app\\api\\auth\\[...nextauth]\\lib"
2025-06-16T08:26:32.179349Z  INFO get_files:scan_sources: tailwindcss_oxide::scanner: Discovering "C:\\Users\\ascom\\Desktop\\next repo\\last repo\\Game\\src\\app\\api\\auth\\[...nextauth]\\lib\\nextAuth.ts"
2025-06-16T08:26:32.179594Z  INFO get_files:scan_sources: tailwindcss_oxide::scanner: Discovering "C:\\Users\\ascom\\Desktop\\next repo\\last repo\\Game\\src\\app\\api\\auth\\[...nextauth]\\route.ts"
2025-06-16T08:26:32.179983Z  INFO get_files:scan_sources: tailwindcss_oxide::scanner: Discovering "C:\\Users\\ascom\\Desktop\\next repo\\last repo\\Game\\src\\app\\auth"
2025-06-16T08:26:32.180395Z  INFO get_files:scan_sources: tailwindcss_oxide::scanner: Discovering "C:\\Users\\ascom\\Desktop\\next repo\\last repo\\Game\\src\\app\\auth\\error"
2025-06-16T08:26:32.180751Z  INFO get_files:scan_sources: tailwindcss_oxide::scanner: Discovering "C:\\Users\\ascom\\Desktop\\next repo\\last repo\\Game\\src\\app\\auth\\error\\page.tsx"
2025-06-16T08:26:32.181064Z  INFO get_files:scan_sources: tailwindcss_oxide::scanner: Discovering "C:\\Users\\ascom\\Desktop\\next repo\\last repo\\Game\\src\\app\\auth\\login"
2025-06-16T08:26:32.181401Z  INFO get_files:scan_sources: tailwindcss_oxide::scanner: Discovering "C:\\Users\\ascom\\Desktop\\next repo\\last repo\\Game\\src\\app\\auth\\login\\page.tsx"
2025-06-16T08:26:32.181729Z  INFO get_files:scan_sources: tailwindcss_oxide::scanner: Discovering "C:\\Users\\ascom\\Desktop\\next repo\\last repo\\Game\\src\\app\\auth\\register"
2025-06-16T08:26:32.182075Z  INFO get_files:scan_sources: tailwindcss_oxide::scanner: Discovering "C:\\Users\\ascom\\Desktop\\next repo\\last repo\\Game\\src\\app\\auth\\register\\page.tsx"
2025-06-16T08:26:32.182424Z  INFO get_files:scan_sources: tailwindcss_oxide::scanner: Discovering "C:\\Users\\ascom\\Desktop\\next repo\\last repo\\Game\\src\\app\\context"
2025-06-16T08:26:32.182747Z  INFO get_files:scan_sources: tailwindcss_oxide::scanner: Discovering "C:\\Users\\ascom\\Desktop\\next repo\\last repo\\Game\\src\\app\\context\\WishlistContext.tsx"
2025-06-16T08:26:32.183084Z  INFO get_files:scan_sources: tailwindcss_oxide::scanner: Discovering "C:\\Users\\ascom\\Desktop\\next repo\\last repo\\Game\\src\\app\\games"
2025-06-16T08:26:32.183452Z  INFO get_files:scan_sources: tailwindcss_oxide::scanner: Discovering "C:\\Users\\ascom\\Desktop\\next repo\\last repo\\Game\\src\\app\\games\\page.tsx"
2025-06-16T08:26:32.183697Z  INFO get_files:scan_sources: tailwindcss_oxide::scanner: Discovering "C:\\Users\\ascom\\Desktop\\next repo\\last repo\\Game\\src\\app\\games\\[id]"
2025-06-16T08:26:32.184051Z  INFO get_files:scan_sources: tailwindcss_oxide::scanner: Discovering "C:\\Users\\ascom\\Desktop\\next repo\\last repo\\Game\\src\\app\\games\\[id]\\page.tsx"
2025-06-16T08:26:32.184338Z  INFO get_files:scan_sources: tailwindcss_oxide::scanner: Discovering "C:\\Users\\ascom\\Desktop\\next repo\\last repo\\Game\\src\\app\\globals.css"
2025-06-16T08:26:32.184537Z  INFO get_files:scan_sources: tailwindcss_oxide::scanner: Discovering "C:\\Users\\ascom\\Desktop\\next repo\\last repo\\Game\\src\\app\\layout.tsx"
2025-06-16T08:26:32.184761Z  INFO get_files:scan_sources: tailwindcss_oxide::scanner: Discovering "C:\\Users\\ascom\\Desktop\\next repo\\last repo\\Game\\src\\app\\middleware.ts"
2025-06-16T08:26:32.184959Z  INFO get_files:scan_sources: tailwindcss_oxide::scanner: Discovering "C:\\Users\\ascom\\Desktop\\next repo\\last repo\\Game\\src\\app\\not-found.tsx"
2025-06-16T08:26:32.185144Z  INFO get_files:scan_sources: tailwindcss_oxide::scanner: Discovering "C:\\Users\\ascom\\Desktop\\next repo\\last repo\\Game\\src\\app\\page.tsx"
2025-06-16T08:26:32.185426Z  INFO get_files:scan_sources: tailwindcss_oxide::scanner: Discovering "C:\\Users\\ascom\\Desktop\\next repo\\last repo\\Game\\src\\app\\profile"
2025-06-16T08:26:32.185763Z  INFO get_files:scan_sources: tailwindcss_oxide::scanner: Discovering "C:\\Users\\ascom\\Desktop\\next repo\\last repo\\Game\\src\\app\\profile\\page.jsx"
2025-06-16T08:26:32.186070Z  INFO get_files:scan_sources: tailwindcss_oxide::scanner: Discovering "C:\\Users\\ascom\\Desktop\\next repo\\last repo\\Game\\src\\app\\providers"
2025-06-16T08:26:32.186397Z  INFO get_files:scan_sources: tailwindcss_oxide::scanner: Discovering "C:\\Users\\ascom\\Desktop\\next repo\\last repo\\Game\\src\\app\\providers\\NextAuthProvider.tsx"
2025-06-16T08:26:32.186654Z  INFO get_files:scan_sources: tailwindcss_oxide::scanner: Discovering "C:\\Users\\ascom\\Desktop\\next repo\\last repo\\Game\\src\\app\\site.webmanifest"
2025-06-16T08:26:32.186922Z  INFO get_files:scan_sources: tailwindcss_oxide::scanner: Discovering "C:\\Users\\ascom\\Desktop\\next repo\\last repo\\Game\\src\\app\\test"
2025-06-16T08:26:32.187258Z  INFO get_files:scan_sources: tailwindcss_oxide::scanner: Discovering "C:\\Users\\ascom\\Desktop\\next repo\\last repo\\Game\\src\\app\\test\\page.tsx"
2025-06-16T08:26:32.187561Z  INFO get_files:scan_sources: tailwindcss_oxide::scanner: Discovering "C:\\Users\\ascom\\Desktop\\next repo\\last repo\\Game\\src\\app\\watch-list"
2025-06-16T08:26:32.187888Z  INFO get_files:scan_sources: tailwindcss_oxide::scanner: Discovering "C:\\Users\\ascom\\Desktop\\next repo\\last repo\\Game\\src\\app\\watch-list\\page.tsx"
2025-06-16T08:26:32.188229Z  INFO get_files:scan_sources: tailwindcss_oxide::scanner: Discovering "C:\\Users\\ascom\\Desktop\\next repo\\last repo\\Game\\src\\components"
2025-06-16T08:26:32.188626Z  INFO get_files:scan_sources: tailwindcss_oxide::scanner: Discovering "C:\\Users\\ascom\\Desktop\\next repo\\last repo\\Game\\src\\components\\ui"
2025-06-16T08:26:32.188968Z  INFO get_files:scan_sources: tailwindcss_oxide::scanner: Discovering "C:\\Users\\ascom\\Desktop\\next repo\\last repo\\Game\\src\\components\\ui\\avatar.tsx"
2025-06-16T08:26:32.189161Z  INFO get_files:scan_sources: tailwindcss_oxide::scanner: Discovering "C:\\Users\\ascom\\Desktop\\next repo\\last repo\\Game\\src\\components\\ui\\separator.tsx"
2025-06-16T08:26:32.189511Z  INFO get_files:scan_sources: tailwindcss_oxide::scanner: Discovering "C:\\Users\\ascom\\Desktop\\next repo\\last repo\\Game\\src\\lib"
2025-06-16T08:26:32.189861Z  INFO get_files:scan_sources: tailwindcss_oxide::scanner: Discovering "C:\\Users\\ascom\\Desktop\\next repo\\last repo\\Game\\src\\lib\\authSchemas.ts"
2025-06-16T08:26:32.190061Z  INFO get_files:scan_sources: tailwindcss_oxide::scanner: Discovering "C:\\Users\\ascom\\Desktop\\next repo\\last repo\\Game\\src\\lib\\data.js"
2025-06-16T08:26:32.190252Z  INFO get_files:scan_sources: tailwindcss_oxide::scanner: Discovering "C:\\Users\\ascom\\Desktop\\next repo\\last repo\\Game\\src\\lib\\mongodb.ts"
2025-06-16T08:26:32.190432Z  INFO get_files:scan_sources: tailwindcss_oxide::scanner: Discovering "C:\\Users\\ascom\\Desktop\\next repo\\last repo\\Game\\src\\lib\\rowData.json"
2025-06-16T08:26:32.190614Z  INFO get_files:scan_sources: tailwindcss_oxide::scanner: Discovering "C:\\Users\\ascom\\Desktop\\next repo\\last repo\\Game\\src\\lib\\utils.js"
2025-06-16T08:26:32.190788Z  INFO get_files:scan_sources: tailwindcss_oxide::scanner: Discovering "C:\\Users\\ascom\\Desktop\\next repo\\last repo\\Game\\src\\lib\\utils.ts"
2025-06-16T08:26:32.191014Z  INFO get_files:scan_sources: tailwindcss_oxide::scanner: Discovering "C:\\Users\\ascom\\Desktop\\next repo\\last repo\\Game\\src\\middleware.ts"
2025-06-16T08:26:32.191279Z  INFO get_files:scan_sources: tailwindcss_oxide::scanner: Discovering "C:\\Users\\ascom\\Desktop\\next repo\\last repo\\Game\\src\\models"
2025-06-16T08:26:32.191636Z  INFO get_files:scan_sources: tailwindcss_oxide::scanner: Discovering "C:\\Users\\ascom\\Desktop\\next repo\\last repo\\Game\\src\\models\\User.ts"
2025-06-16T08:26:32.191973Z  INFO get_files:scan_sources: tailwindcss_oxide::scanner: Discovering "C:\\Users\\ascom\\Desktop\\next repo\\last repo\\Game\\tsconfig.json"
2025-06-16T08:26:32.192208Z  INFO get_files:scan_sources: tailwindcss_oxide::scanner: exit
2025-06-16T08:26:32.211200Z  INFO get_files: tailwindcss_oxide::scanner: exit
2025-06-16T08:26:32.211335Z  INFO get_globs: tailwindcss_oxide::scanner: enter
2025-06-16T08:26:32.211377Z  INFO get_globs:scan_sources: tailwindcss_oxide::scanner: enter
2025-06-16T08:26:32.236363Z  INFO get_globs:scan_sources: tailwindcss_oxide::scanner: Discovering "C:\\Users\\ascom\\Desktop\\next repo\\last repo\\Game\\public"
2025-06-16T08:26:32.238988Z  INFO get_globs:scan_sources: tailwindcss_oxide::scanner: Discovering "C:\\Users\\ascom\\Desktop\\next repo\\last repo\\Game\\src"
2025-06-16T08:26:32.239457Z  INFO get_globs:scan_sources: tailwindcss_oxide::scanner: Discovering "C:\\Users\\ascom\\Desktop\\next repo\\last repo\\Game\\src\\app"
2025-06-16T08:26:32.240107Z  INFO get_globs:scan_sources: tailwindcss_oxide::scanner: Discovering "C:\\Users\\ascom\\Desktop\\next repo\\last repo\\Game\\src\\app\\(components)"
2025-06-16T08:26:32.242459Z  INFO get_globs:scan_sources: tailwindcss_oxide::scanner: Discovering "C:\\Users\\ascom\\Desktop\\next repo\\last repo\\Game\\src\\app\\(components)\\auth"
2025-06-16T08:26:32.246033Z  INFO get_globs:scan_sources: tailwindcss_oxide::scanner: Discovering "C:\\Users\\ascom\\Desktop\\next repo\\last repo\\Game\\src\\app\\(components)\\shared"
2025-06-16T08:26:32.250417Z  INFO get_globs:scan_sources: tailwindcss_oxide::scanner: Discovering "C:\\Users\\ascom\\Desktop\\next repo\\last repo\\Game\\src\\app\\(components)\\styles"
2025-06-16T08:26:32.251829Z  INFO get_globs:scan_sources: tailwindcss_oxide::scanner: Discovering "C:\\Users\\ascom\\Desktop\\next repo\\last repo\\Game\\src\\app\\(components)\\ui"
2025-06-16T08:26:32.254742Z  INFO get_globs:scan_sources: tailwindcss_oxide::scanner: Discovering "C:\\Users\\ascom\\Desktop\\next repo\\last repo\\Game\\src\\app\\about"
2025-06-16T08:26:32.255949Z  INFO get_globs:scan_sources: tailwindcss_oxide::scanner: Discovering "C:\\Users\\ascom\\Desktop\\next repo\\last repo\\Game\\src\\app\\api"
2025-06-16T08:26:32.256366Z  INFO get_globs:scan_sources: tailwindcss_oxide::scanner: Discovering "C:\\Users\\ascom\\Desktop\\next repo\\last repo\\Game\\src\\app\\api\\auth"
2025-06-16T08:26:32.256765Z  INFO get_globs:scan_sources: tailwindcss_oxide::scanner: Discovering "C:\\Users\\ascom\\Desktop\\next repo\\last repo\\Game\\src\\app\\api\\auth\\register"
2025-06-16T08:26:32.257863Z  INFO get_globs:scan_sources: tailwindcss_oxide::scanner: Discovering "C:\\Users\\ascom\\Desktop\\next repo\\last repo\\Game\\src\\app\\api\\auth\\[...nextauth]"
2025-06-16T08:26:32.258291Z  INFO get_globs:scan_sources: tailwindcss_oxide::scanner: Discovering "C:\\Users\\ascom\\Desktop\\next repo\\last repo\\Game\\src\\app\\api\\auth\\[...nextauth]\\lib"
2025-06-16T08:26:32.259356Z  INFO get_globs:scan_sources: tailwindcss_oxide::scanner: Discovering "C:\\Users\\ascom\\Desktop\\next repo\\last repo\\Game\\src\\app\\auth"
2025-06-16T08:26:32.259750Z  INFO get_globs:scan_sources: tailwindcss_oxide::scanner: Discovering "C:\\Users\\ascom\\Desktop\\next repo\\last repo\\Game\\src\\app\\auth\\error"
2025-06-16T08:26:32.260444Z  INFO get_globs:scan_sources: tailwindcss_oxide::scanner: Discovering "C:\\Users\\ascom\\Desktop\\next repo\\last repo\\Game\\src\\app\\auth\\login"
2025-06-16T08:26:32.260991Z  INFO get_globs:scan_sources: tailwindcss_oxide::scanner: Discovering "C:\\Users\\ascom\\Desktop\\next repo\\last repo\\Game\\src\\app\\auth\\register"
2025-06-16T08:26:32.261567Z  INFO get_globs:scan_sources: tailwindcss_oxide::scanner: Discovering "C:\\Users\\ascom\\Desktop\\next repo\\last repo\\Game\\src\\app\\context"
2025-06-16T08:26:32.262141Z  INFO get_globs:scan_sources: tailwindcss_oxide::scanner: Discovering "C:\\Users\\ascom\\Desktop\\next repo\\last repo\\Game\\src\\app\\games"
2025-06-16T08:26:32.262633Z  INFO get_globs:scan_sources: tailwindcss_oxide::scanner: Discovering "C:\\Users\\ascom\\Desktop\\next repo\\last repo\\Game\\src\\app\\games\\[id]"
2025-06-16T08:26:32.266289Z  INFO get_globs:scan_sources: tailwindcss_oxide::scanner: Discovering "C:\\Users\\ascom\\Desktop\\next repo\\last repo\\Game\\src\\app\\profile"
2025-06-16T08:26:32.266881Z  INFO get_globs:scan_sources: tailwindcss_oxide::scanner: Discovering "C:\\Users\\ascom\\Desktop\\next repo\\last repo\\Game\\src\\app\\providers"
2025-06-16T08:26:32.267577Z  INFO get_globs:scan_sources: tailwindcss_oxide::scanner: Discovering "C:\\Users\\ascom\\Desktop\\next repo\\last repo\\Game\\src\\app\\test"
2025-06-16T08:26:32.268116Z  INFO get_globs:scan_sources: tailwindcss_oxide::scanner: Discovering "C:\\Users\\ascom\\Desktop\\next repo\\last repo\\Game\\src\\app\\watch-list"
2025-06-16T08:26:32.268703Z  INFO get_globs:scan_sources: tailwindcss_oxide::scanner: Discovering "C:\\Users\\ascom\\Desktop\\next repo\\last repo\\Game\\src\\components"
2025-06-16T08:26:32.269087Z  INFO get_globs:scan_sources: tailwindcss_oxide::scanner: Discovering "C:\\Users\\ascom\\Desktop\\next repo\\last repo\\Game\\src\\components\\ui"
2025-06-16T08:26:32.269744Z  INFO get_globs:scan_sources: tailwindcss_oxide::scanner: Discovering "C:\\Users\\ascom\\Desktop\\next repo\\last repo\\Game\\src\\lib"
2025-06-16T08:26:32.270922Z  INFO get_globs:scan_sources: tailwindcss_oxide::scanner: Discovering "C:\\Users\\ascom\\Desktop\\next repo\\last repo\\Game\\src\\models"
2025-06-16T08:26:32.271688Z  INFO get_globs:scan_sources: tailwindcss_oxide::scanner: exit
2025-06-16T08:26:32.297652Z  INFO get_globs: tailwindcss_oxide::scanner: exit
