2025-06-15T15:15:53.248687Z  INFO tailwindcss_oxide::scanner: Provided sources:
2025-06-15T15:15:53.249213Z  INFO tailwindcss_oxide::scanner: Source: PublicSourceEntry { base: "c:\\Users\\ascom\\Desktop\\next repo\\last repo\\Game", pattern: "**/*", negated: false }
2025-06-15T15:15:53.249931Z  INFO tailwindcss_oxide::scanner: Optimized sources:
2025-06-15T15:15:53.249987Z  INFO tailwindcss_oxide::scanner: Source: Auto { base: "C:\\Users\\ascom\\Desktop\\next repo\\last repo\\Game" }
2025-06-15T15:15:53.259687Z  INFO get_files: tailwindcss_oxide::scanner: enter
2025-06-15T15:15:53.259789Z  INFO get_files:scan_sources: tailwindcss_oxide::scanner: enter
2025-06-15T15:15:53.267435Z  INFO get_files:scan_sources: tailwindcss_oxide::scanner: Discovering "C:\\Users\\ascom\\Desktop\\next repo\\last repo\\Game\\components.json"
2025-06-15T15:15:53.267792Z  INFO get_files:scan_sources: tailwindcss_oxide::scanner: Discovering "C:\\Users\\ascom\\Desktop\\next repo\\last repo\\Game\\eslint.config.mjs"
2025-06-15T15:15:53.268103Z  INFO get_files:scan_sources: tailwindcss_oxide::scanner: Discovering "C:\\Users\\ascom\\Desktop\\next repo\\last repo\\Game\\next.config.js"
2025-06-15T15:15:53.268434Z  INFO get_files:scan_sources: tailwindcss_oxide::scanner: Discovering "C:\\Users\\ascom\\Desktop\\next repo\\last repo\\Game\\next.config.ts"
2025-06-15T15:15:53.269324Z  INFO get_files:scan_sources: tailwindcss_oxide::scanner: Discovering "C:\\Users\\ascom\\Desktop\\next repo\\last repo\\Game\\package.json"
2025-06-15T15:15:53.269643Z  INFO get_files:scan_sources: tailwindcss_oxide::scanner: Discovering "C:\\Users\\ascom\\Desktop\\next repo\\last repo\\Game\\postcss.config.mjs"
2025-06-15T15:15:53.269957Z  INFO get_files:scan_sources: tailwindcss_oxide::scanner: Discovering "C:\\Users\\ascom\\Desktop\\next repo\\last repo\\Game\\public"
2025-06-15T15:15:53.270484Z  INFO get_files:scan_sources: tailwindcss_oxide::scanner: Discovering "C:\\Users\\ascom\\Desktop\\next repo\\last repo\\Game\\public\\file.svg"
2025-06-15T15:15:53.271014Z  INFO get_files:scan_sources: tailwindcss_oxide::scanner: Discovering "C:\\Users\\ascom\\Desktop\\next repo\\last repo\\Game\\public\\globe.svg"
2025-06-15T15:15:53.271402Z  INFO get_files:scan_sources: tailwindcss_oxide::scanner: Discovering "C:\\Users\\ascom\\Desktop\\next repo\\last repo\\Game\\public\\next.svg"
2025-06-15T15:15:53.271804Z  INFO get_files:scan_sources: tailwindcss_oxide::scanner: Discovering "C:\\Users\\ascom\\Desktop\\next repo\\last repo\\Game\\public\\vercel.svg"
2025-06-15T15:15:53.272032Z  INFO get_files:scan_sources: tailwindcss_oxide::scanner: Discovering "C:\\Users\\ascom\\Desktop\\next repo\\last repo\\Game\\public\\window.svg"
2025-06-15T15:15:53.272362Z  INFO get_files:scan_sources: tailwindcss_oxide::scanner: Discovering "C:\\Users\\ascom\\Desktop\\next repo\\last repo\\Game\\README.md"
2025-06-15T15:15:53.272675Z  INFO get_files:scan_sources: tailwindcss_oxide::scanner: Discovering "C:\\Users\\ascom\\Desktop\\next repo\\last repo\\Game\\src"
2025-06-15T15:15:53.273068Z  INFO get_files:scan_sources: tailwindcss_oxide::scanner: Discovering "C:\\Users\\ascom\\Desktop\\next repo\\last repo\\Game\\src\\app"
2025-06-15T15:15:53.273476Z  INFO get_files:scan_sources: tailwindcss_oxide::scanner: Discovering "C:\\Users\\ascom\\Desktop\\next repo\\last repo\\Game\\src\\app\\(components)"
2025-06-15T15:15:53.273878Z  INFO get_files:scan_sources: tailwindcss_oxide::scanner: Discovering "C:\\Users\\ascom\\Desktop\\next repo\\last repo\\Game\\src\\app\\(components)\\auth"
2025-06-15T15:15:53.274352Z  INFO get_files:scan_sources: tailwindcss_oxide::scanner: Discovering "C:\\Users\\ascom\\Desktop\\next repo\\last repo\\Game\\src\\app\\(components)\\auth\\LoginForm.tsx"
2025-06-15T15:15:53.274639Z  INFO get_files:scan_sources: tailwindcss_oxide::scanner: Discovering "C:\\Users\\ascom\\Desktop\\next repo\\last repo\\Game\\src\\app\\(components)\\auth\\RegisterForm.tsx"
2025-06-15T15:15:53.274944Z  INFO get_files:scan_sources: tailwindcss_oxide::scanner: Discovering "C:\\Users\\ascom\\Desktop\\next repo\\last repo\\Game\\src\\app\\(components)\\HowWeWorkVideo.tsx"
2025-06-15T15:15:53.275222Z  INFO get_files:scan_sources: tailwindcss_oxide::scanner: Discovering "C:\\Users\\ascom\\Desktop\\next repo\\last repo\\Game\\src\\app\\(components)\\ServicesSlider.tsx"
2025-06-15T15:15:53.275518Z  INFO get_files:scan_sources: tailwindcss_oxide::scanner: Discovering "C:\\Users\\ascom\\Desktop\\next repo\\last repo\\Game\\src\\app\\(components)\\shared"
2025-06-15T15:15:53.276091Z  INFO get_files:scan_sources: tailwindcss_oxide::scanner: Discovering "C:\\Users\\ascom\\Desktop\\next repo\\last repo\\Game\\src\\app\\(components)\\shared\\Footer.tsx"
2025-06-15T15:15:53.276399Z  INFO get_files:scan_sources: tailwindcss_oxide::scanner: Discovering "C:\\Users\\ascom\\Desktop\\next repo\\last repo\\Game\\src\\app\\(components)\\shared\\GameCard.tsx"
2025-06-15T15:15:53.276804Z  INFO get_files:scan_sources: tailwindcss_oxide::scanner: Discovering "C:\\Users\\ascom\\Desktop\\next repo\\last repo\\Game\\src\\app\\(components)\\shared\\Navbar.tsx"
2025-06-15T15:15:53.278504Z  INFO get_files:scan_sources: tailwindcss_oxide::scanner: Discovering "C:\\Users\\ascom\\Desktop\\next repo\\last repo\\Game\\src\\app\\(components)\\shared\\SharedButton.tsx"
2025-06-15T15:15:53.280042Z  INFO get_files:scan_sources: tailwindcss_oxide::scanner: Discovering "C:\\Users\\ascom\\Desktop\\next repo\\last repo\\Game\\src\\app\\(components)\\styles"
2025-06-15T15:15:53.282043Z  INFO get_files:scan_sources: tailwindcss_oxide::scanner: Discovering "C:\\Users\\ascom\\Desktop\\next repo\\last repo\\Game\\src\\app\\(components)\\styles\\colors.js"
2025-06-15T15:15:53.282673Z  INFO get_files:scan_sources: tailwindcss_oxide::scanner: Discovering "C:\\Users\\ascom\\Desktop\\next repo\\last repo\\Game\\src\\app\\(components)\\styles\\fonts.js"
2025-06-15T15:15:53.283070Z  INFO get_files:scan_sources: tailwindcss_oxide::scanner: Discovering "C:\\Users\\ascom\\Desktop\\next repo\\last repo\\Game\\src\\app\\(components)\\ui"
2025-06-15T15:15:53.283498Z  INFO get_files:scan_sources: tailwindcss_oxide::scanner: Discovering "C:\\Users\\ascom\\Desktop\\next repo\\last repo\\Game\\src\\app\\(components)\\ui\\button.tsx"
2025-06-15T15:15:53.283893Z  INFO get_files:scan_sources: tailwindcss_oxide::scanner: Discovering "C:\\Users\\ascom\\Desktop\\next repo\\last repo\\Game\\src\\app\\(components)\\ui\\card.tsx"
2025-06-15T15:15:53.284331Z  INFO get_files:scan_sources: tailwindcss_oxide::scanner: Discovering "C:\\Users\\ascom\\Desktop\\next repo\\last repo\\Game\\src\\app\\(components)\\ui\\input.tsx"
2025-06-15T15:15:53.284658Z  INFO get_files:scan_sources: tailwindcss_oxide::scanner: Discovering "C:\\Users\\ascom\\Desktop\\next repo\\last repo\\Game\\src\\app\\(components)\\VideoWithPlayButton.tsx"
2025-06-15T15:15:53.284942Z  INFO get_files:scan_sources: tailwindcss_oxide::scanner: Discovering "C:\\Users\\ascom\\Desktop\\next repo\\last repo\\Game\\src\\app\\about"
2025-06-15T15:15:53.285355Z  INFO get_files:scan_sources: tailwindcss_oxide::scanner: Discovering "C:\\Users\\ascom\\Desktop\\next repo\\last repo\\Game\\src\\app\\about\\about.module.css"
2025-06-15T15:15:53.285808Z  INFO get_files:scan_sources: tailwindcss_oxide::scanner: Discovering "C:\\Users\\ascom\\Desktop\\next repo\\last repo\\Game\\src\\app\\about\\page.tsx"
2025-06-15T15:15:53.286197Z  INFO get_files:scan_sources: tailwindcss_oxide::scanner: Discovering "C:\\Users\\ascom\\Desktop\\next repo\\last repo\\Game\\src\\app\\api"
2025-06-15T15:15:53.286638Z  INFO get_files:scan_sources: tailwindcss_oxide::scanner: Discovering "C:\\Users\\ascom\\Desktop\\next repo\\last repo\\Game\\src\\app\\api\\auth"
2025-06-15T15:15:53.287086Z  INFO get_files:scan_sources: tailwindcss_oxide::scanner: Discovering "C:\\Users\\ascom\\Desktop\\next repo\\last repo\\Game\\src\\app\\api\\auth\\register"
2025-06-15T15:15:53.287581Z  INFO get_files:scan_sources: tailwindcss_oxide::scanner: Discovering "C:\\Users\\ascom\\Desktop\\next repo\\last repo\\Game\\src\\app\\api\\auth\\register\\route.ts"
2025-06-15T15:15:53.287912Z  INFO get_files:scan_sources: tailwindcss_oxide::scanner: Discovering "C:\\Users\\ascom\\Desktop\\next repo\\last repo\\Game\\src\\app\\api\\auth\\[...nextauth]"
2025-06-15T15:15:53.288477Z  INFO get_files:scan_sources: tailwindcss_oxide::scanner: Discovering "C:\\Users\\ascom\\Desktop\\next repo\\last repo\\Game\\src\\app\\api\\auth\\[...nextauth]\\lib"
2025-06-15T15:15:53.289066Z  INFO get_files:scan_sources: tailwindcss_oxide::scanner: Discovering "C:\\Users\\ascom\\Desktop\\next repo\\last repo\\Game\\src\\app\\api\\auth\\[...nextauth]\\lib\\nextAuth.ts"
2025-06-15T15:15:53.289461Z  INFO get_files:scan_sources: tailwindcss_oxide::scanner: Discovering "C:\\Users\\ascom\\Desktop\\next repo\\last repo\\Game\\src\\app\\api\\auth\\[...nextauth]\\route.ts"
2025-06-15T15:15:53.289875Z  INFO get_files:scan_sources: tailwindcss_oxide::scanner: Discovering "C:\\Users\\ascom\\Desktop\\next repo\\last repo\\Game\\src\\app\\auth"
2025-06-15T15:15:53.290367Z  INFO get_files:scan_sources: tailwindcss_oxide::scanner: Discovering "C:\\Users\\ascom\\Desktop\\next repo\\last repo\\Game\\src\\app\\auth\\error"
2025-06-15T15:15:53.290856Z  INFO get_files:scan_sources: tailwindcss_oxide::scanner: Discovering "C:\\Users\\ascom\\Desktop\\next repo\\last repo\\Game\\src\\app\\auth\\error\\page.tsx"
2025-06-15T15:15:53.291248Z  INFO get_files:scan_sources: tailwindcss_oxide::scanner: Discovering "C:\\Users\\ascom\\Desktop\\next repo\\last repo\\Game\\src\\app\\auth\\login"
2025-06-15T15:15:53.291834Z  INFO get_files:scan_sources: tailwindcss_oxide::scanner: Discovering "C:\\Users\\ascom\\Desktop\\next repo\\last repo\\Game\\src\\app\\auth\\login\\page.tsx"
2025-06-15T15:15:53.292183Z  INFO get_files:scan_sources: tailwindcss_oxide::scanner: Discovering "C:\\Users\\ascom\\Desktop\\next repo\\last repo\\Game\\src\\app\\auth\\register"
2025-06-15T15:15:53.292606Z  INFO get_files:scan_sources: tailwindcss_oxide::scanner: Discovering "C:\\Users\\ascom\\Desktop\\next repo\\last repo\\Game\\src\\app\\auth\\register\\page.tsx"
2025-06-15T15:15:53.292975Z  INFO get_files:scan_sources: tailwindcss_oxide::scanner: Discovering "C:\\Users\\ascom\\Desktop\\next repo\\last repo\\Game\\src\\app\\context"
2025-06-15T15:15:53.293519Z  INFO get_files:scan_sources: tailwindcss_oxide::scanner: Discovering "C:\\Users\\ascom\\Desktop\\next repo\\last repo\\Game\\src\\app\\context\\WishlistContext.tsx"
2025-06-15T15:15:53.294138Z  INFO get_files:scan_sources: tailwindcss_oxide::scanner: Discovering "C:\\Users\\ascom\\Desktop\\next repo\\last repo\\Game\\src\\app\\games"
2025-06-15T15:15:53.294649Z  INFO get_files:scan_sources: tailwindcss_oxide::scanner: Discovering "C:\\Users\\ascom\\Desktop\\next repo\\last repo\\Game\\src\\app\\games\\page.tsx"
2025-06-15T15:15:53.294958Z  INFO get_files:scan_sources: tailwindcss_oxide::scanner: Discovering "C:\\Users\\ascom\\Desktop\\next repo\\last repo\\Game\\src\\app\\games\\[id]"
2025-06-15T15:15:53.295612Z  INFO get_files:scan_sources: tailwindcss_oxide::scanner: Discovering "C:\\Users\\ascom\\Desktop\\next repo\\last repo\\Game\\src\\app\\games\\[id]\\page.tsx"
2025-06-15T15:15:53.295958Z  INFO get_files:scan_sources: tailwindcss_oxide::scanner: Discovering "C:\\Users\\ascom\\Desktop\\next repo\\last repo\\Game\\src\\app\\globals.css"
2025-06-15T15:15:53.296343Z  INFO get_files:scan_sources: tailwindcss_oxide::scanner: Discovering "C:\\Users\\ascom\\Desktop\\next repo\\last repo\\Game\\src\\app\\layout.tsx"
2025-06-15T15:15:53.296633Z  INFO get_files:scan_sources: tailwindcss_oxide::scanner: Discovering "C:\\Users\\ascom\\Desktop\\next repo\\last repo\\Game\\src\\app\\middleware.ts"
2025-06-15T15:15:53.297032Z  INFO get_files:scan_sources: tailwindcss_oxide::scanner: Discovering "C:\\Users\\ascom\\Desktop\\next repo\\last repo\\Game\\src\\app\\not-found.tsx"
2025-06-15T15:15:53.297293Z  INFO get_files:scan_sources: tailwindcss_oxide::scanner: Discovering "C:\\Users\\ascom\\Desktop\\next repo\\last repo\\Game\\src\\app\\page.tsx"
2025-06-15T15:15:53.297598Z  INFO get_files:scan_sources: tailwindcss_oxide::scanner: Discovering "C:\\Users\\ascom\\Desktop\\next repo\\last repo\\Game\\src\\app\\profile"
2025-06-15T15:15:53.300437Z  INFO get_files:scan_sources: tailwindcss_oxide::scanner: Discovering "C:\\Users\\ascom\\Desktop\\next repo\\last repo\\Game\\src\\app\\profile\\page.jsx"
2025-06-15T15:15:53.301161Z  INFO get_files:scan_sources: tailwindcss_oxide::scanner: Discovering "C:\\Users\\ascom\\Desktop\\next repo\\last repo\\Game\\src\\app\\providers"
2025-06-15T15:15:53.301670Z  INFO get_files:scan_sources: tailwindcss_oxide::scanner: Discovering "C:\\Users\\ascom\\Desktop\\next repo\\last repo\\Game\\src\\app\\providers\\NextAuthProvider.tsx"
2025-06-15T15:15:53.302083Z  INFO get_files:scan_sources: tailwindcss_oxide::scanner: Discovering "C:\\Users\\ascom\\Desktop\\next repo\\last repo\\Game\\src\\app\\test"
2025-06-15T15:15:53.302667Z  INFO get_files:scan_sources: tailwindcss_oxide::scanner: Discovering "C:\\Users\\ascom\\Desktop\\next repo\\last repo\\Game\\src\\app\\test\\page.tsx"
2025-06-15T15:15:53.303014Z  INFO get_files:scan_sources: tailwindcss_oxide::scanner: Discovering "C:\\Users\\ascom\\Desktop\\next repo\\last repo\\Game\\src\\app\\watch-list"
2025-06-15T15:15:53.303442Z  INFO get_files:scan_sources: tailwindcss_oxide::scanner: Discovering "C:\\Users\\ascom\\Desktop\\next repo\\last repo\\Game\\src\\app\\watch-list\\page.tsx"
2025-06-15T15:15:53.303828Z  INFO get_files:scan_sources: tailwindcss_oxide::scanner: Discovering "C:\\Users\\ascom\\Desktop\\next repo\\last repo\\Game\\src\\components"
2025-06-15T15:15:53.304258Z  INFO get_files:scan_sources: tailwindcss_oxide::scanner: Discovering "C:\\Users\\ascom\\Desktop\\next repo\\last repo\\Game\\src\\components\\ui"
2025-06-15T15:15:53.304779Z  INFO get_files:scan_sources: tailwindcss_oxide::scanner: Discovering "C:\\Users\\ascom\\Desktop\\next repo\\last repo\\Game\\src\\components\\ui\\avatar.tsx"
2025-06-15T15:15:53.305183Z  INFO get_files:scan_sources: tailwindcss_oxide::scanner: Discovering "C:\\Users\\ascom\\Desktop\\next repo\\last repo\\Game\\src\\components\\ui\\separator.tsx"
2025-06-15T15:15:53.305642Z  INFO get_files:scan_sources: tailwindcss_oxide::scanner: Discovering "C:\\Users\\ascom\\Desktop\\next repo\\last repo\\Game\\src\\lib"
2025-06-15T15:15:53.306159Z  INFO get_files:scan_sources: tailwindcss_oxide::scanner: Discovering "C:\\Users\\ascom\\Desktop\\next repo\\last repo\\Game\\src\\lib\\authSchemas.ts"
2025-06-15T15:15:53.306571Z  INFO get_files:scan_sources: tailwindcss_oxide::scanner: Discovering "C:\\Users\\ascom\\Desktop\\next repo\\last repo\\Game\\src\\lib\\data.js"
2025-06-15T15:15:53.306874Z  INFO get_files:scan_sources: tailwindcss_oxide::scanner: Discovering "C:\\Users\\ascom\\Desktop\\next repo\\last repo\\Game\\src\\lib\\mongodb.ts"
2025-06-15T15:15:53.307181Z  INFO get_files:scan_sources: tailwindcss_oxide::scanner: Discovering "C:\\Users\\ascom\\Desktop\\next repo\\last repo\\Game\\src\\lib\\rowData.json"
2025-06-15T15:15:53.307456Z  INFO get_files:scan_sources: tailwindcss_oxide::scanner: Discovering "C:\\Users\\ascom\\Desktop\\next repo\\last repo\\Game\\src\\lib\\utils.js"
2025-06-15T15:15:53.307733Z  INFO get_files:scan_sources: tailwindcss_oxide::scanner: Discovering "C:\\Users\\ascom\\Desktop\\next repo\\last repo\\Game\\src\\lib\\utils.ts"
2025-06-15T15:15:53.308070Z  INFO get_files:scan_sources: tailwindcss_oxide::scanner: Discovering "C:\\Users\\ascom\\Desktop\\next repo\\last repo\\Game\\src\\middleware.ts"
2025-06-15T15:15:53.308349Z  INFO get_files:scan_sources: tailwindcss_oxide::scanner: Discovering "C:\\Users\\ascom\\Desktop\\next repo\\last repo\\Game\\src\\models"
2025-06-15T15:15:53.308668Z  INFO get_files:scan_sources: tailwindcss_oxide::scanner: Discovering "C:\\Users\\ascom\\Desktop\\next repo\\last repo\\Game\\src\\models\\User.ts"
2025-06-15T15:15:53.308990Z  INFO get_files:scan_sources: tailwindcss_oxide::scanner: Discovering "C:\\Users\\ascom\\Desktop\\next repo\\last repo\\Game\\tsconfig.json"
2025-06-15T15:15:53.309286Z  INFO get_files:scan_sources: tailwindcss_oxide::scanner: exit
2025-06-15T15:15:53.311088Z  INFO get_files: tailwindcss_oxide::scanner: exit
2025-06-15T15:15:53.311572Z  INFO get_globs: tailwindcss_oxide::scanner: enter
2025-06-15T15:15:53.311610Z  INFO get_globs:scan_sources: tailwindcss_oxide::scanner: enter
2025-06-15T15:15:53.317964Z  INFO get_globs:scan_sources: tailwindcss_oxide::scanner: Discovering "C:\\Users\\ascom\\Desktop\\next repo\\last repo\\Game\\public"
2025-06-15T15:15:53.319320Z  INFO get_globs:scan_sources: tailwindcss_oxide::scanner: Discovering "C:\\Users\\ascom\\Desktop\\next repo\\last repo\\Game\\src"
2025-06-15T15:15:53.319768Z  INFO get_globs:scan_sources: tailwindcss_oxide::scanner: Discovering "C:\\Users\\ascom\\Desktop\\next repo\\last repo\\Game\\src\\app"
2025-06-15T15:15:53.320244Z  INFO get_globs:scan_sources: tailwindcss_oxide::scanner: Discovering "C:\\Users\\ascom\\Desktop\\next repo\\last repo\\Game\\src\\app\\(components)"
2025-06-15T15:15:53.320717Z  INFO get_globs:scan_sources: tailwindcss_oxide::scanner: Discovering "C:\\Users\\ascom\\Desktop\\next repo\\last repo\\Game\\src\\app\\(components)\\auth"
2025-06-15T15:15:53.321656Z  INFO get_globs:scan_sources: tailwindcss_oxide::scanner: Discovering "C:\\Users\\ascom\\Desktop\\next repo\\last repo\\Game\\src\\app\\(components)\\shared"
2025-06-15T15:15:53.322851Z  INFO get_globs:scan_sources: tailwindcss_oxide::scanner: Discovering "C:\\Users\\ascom\\Desktop\\next repo\\last repo\\Game\\src\\app\\(components)\\styles"
2025-06-15T15:15:53.323893Z  INFO get_globs:scan_sources: tailwindcss_oxide::scanner: Discovering "C:\\Users\\ascom\\Desktop\\next repo\\last repo\\Game\\src\\app\\(components)\\ui"
2025-06-15T15:15:53.324957Z  INFO get_globs:scan_sources: tailwindcss_oxide::scanner: Discovering "C:\\Users\\ascom\\Desktop\\next repo\\last repo\\Game\\src\\app\\about"
2025-06-15T15:15:53.325696Z  INFO get_globs:scan_sources: tailwindcss_oxide::scanner: Discovering "C:\\Users\\ascom\\Desktop\\next repo\\last repo\\Game\\src\\app\\api"
2025-06-15T15:15:53.326177Z  INFO get_globs:scan_sources: tailwindcss_oxide::scanner: Discovering "C:\\Users\\ascom\\Desktop\\next repo\\last repo\\Game\\src\\app\\api\\auth"
2025-06-15T15:15:53.326707Z  INFO get_globs:scan_sources: tailwindcss_oxide::scanner: Discovering "C:\\Users\\ascom\\Desktop\\next repo\\last repo\\Game\\src\\app\\api\\auth\\register"
2025-06-15T15:15:53.328163Z  INFO get_globs:scan_sources: tailwindcss_oxide::scanner: Discovering "C:\\Users\\ascom\\Desktop\\next repo\\last repo\\Game\\src\\app\\api\\auth\\[...nextauth]"
2025-06-15T15:15:53.328937Z  INFO get_globs:scan_sources: tailwindcss_oxide::scanner: Discovering "C:\\Users\\ascom\\Desktop\\next repo\\last repo\\Game\\src\\app\\api\\auth\\[...nextauth]\\lib"
2025-06-15T15:15:53.329968Z  INFO get_globs:scan_sources: tailwindcss_oxide::scanner: Discovering "C:\\Users\\ascom\\Desktop\\next repo\\last repo\\Game\\src\\app\\auth"
2025-06-15T15:15:53.330806Z  INFO get_globs:scan_sources: tailwindcss_oxide::scanner: Discovering "C:\\Users\\ascom\\Desktop\\next repo\\last repo\\Game\\src\\app\\auth\\error"
2025-06-15T15:15:53.331686Z  INFO get_globs:scan_sources: tailwindcss_oxide::scanner: Discovering "C:\\Users\\ascom\\Desktop\\next repo\\last repo\\Game\\src\\app\\auth\\login"
2025-06-15T15:15:53.332425Z  INFO get_globs:scan_sources: tailwindcss_oxide::scanner: Discovering "C:\\Users\\ascom\\Desktop\\next repo\\last repo\\Game\\src\\app\\auth\\register"
2025-06-15T15:15:53.333231Z  INFO get_globs:scan_sources: tailwindcss_oxide::scanner: Discovering "C:\\Users\\ascom\\Desktop\\next repo\\last repo\\Game\\src\\app\\context"
2025-06-15T15:15:53.334136Z  INFO get_globs:scan_sources: tailwindcss_oxide::scanner: Discovering "C:\\Users\\ascom\\Desktop\\next repo\\last repo\\Game\\src\\app\\games"
2025-06-15T15:15:53.334804Z  INFO get_globs:scan_sources: tailwindcss_oxide::scanner: Discovering "C:\\Users\\ascom\\Desktop\\next repo\\last repo\\Game\\src\\app\\games\\[id]"
2025-06-15T15:15:53.336259Z  INFO get_globs:scan_sources: tailwindcss_oxide::scanner: Discovering "C:\\Users\\ascom\\Desktop\\next repo\\last repo\\Game\\src\\app\\profile"
2025-06-15T15:15:53.336935Z  INFO get_globs:scan_sources: tailwindcss_oxide::scanner: Discovering "C:\\Users\\ascom\\Desktop\\next repo\\last repo\\Game\\src\\app\\providers"
2025-06-15T15:15:53.337710Z  INFO get_globs:scan_sources: tailwindcss_oxide::scanner: Discovering "C:\\Users\\ascom\\Desktop\\next repo\\last repo\\Game\\src\\app\\test"
2025-06-15T15:15:53.338403Z  INFO get_globs:scan_sources: tailwindcss_oxide::scanner: Discovering "C:\\Users\\ascom\\Desktop\\next repo\\last repo\\Game\\src\\app\\watch-list"
2025-06-15T15:15:53.339170Z  INFO get_globs:scan_sources: tailwindcss_oxide::scanner: Discovering "C:\\Users\\ascom\\Desktop\\next repo\\last repo\\Game\\src\\components"
2025-06-15T15:15:53.339688Z  INFO get_globs:scan_sources: tailwindcss_oxide::scanner: Discovering "C:\\Users\\ascom\\Desktop\\next repo\\last repo\\Game\\src\\components\\ui"
2025-06-15T15:15:53.340654Z  INFO get_globs:scan_sources: tailwindcss_oxide::scanner: Discovering "C:\\Users\\ascom\\Desktop\\next repo\\last repo\\Game\\src\\lib"
2025-06-15T15:15:53.342153Z  INFO get_globs:scan_sources: tailwindcss_oxide::scanner: Discovering "C:\\Users\\ascom\\Desktop\\next repo\\last repo\\Game\\src\\models"
2025-06-15T15:15:53.343028Z  INFO get_globs:scan_sources: tailwindcss_oxide::scanner: exit
2025-06-15T15:15:53.368519Z  INFO get_globs: tailwindcss_oxide::scanner: exit
2025-06-15T15:32:14.035134Z  INFO tailwindcss_oxide::scanner: Provided sources:
2025-06-15T15:32:14.035556Z  INFO tailwindcss_oxide::scanner: Source: PublicSourceEntry { base: "c:\\Users\\ascom\\Desktop\\next repo\\last repo\\Game", pattern: "**/*", negated: false }
2025-06-15T15:32:14.036246Z  INFO tailwindcss_oxide::scanner: Optimized sources:
2025-06-15T15:32:14.036270Z  INFO tailwindcss_oxide::scanner: Source: Auto { base: "C:\\Users\\ascom\\Desktop\\next repo\\last repo\\Game" }
2025-06-15T15:32:14.037622Z  INFO get_files: tailwindcss_oxide::scanner: enter
2025-06-15T15:32:14.037815Z  INFO get_files:scan_sources: tailwindcss_oxide::scanner: enter
2025-06-15T15:32:14.047036Z  INFO get_files:scan_sources: tailwindcss_oxide::scanner: Discovering "C:\\Users\\ascom\\Desktop\\next repo\\last repo\\Game\\components.json"
2025-06-15T15:32:14.047463Z  INFO get_files:scan_sources: tailwindcss_oxide::scanner: Discovering "C:\\Users\\ascom\\Desktop\\next repo\\last repo\\Game\\eslint.config.mjs"
2025-06-15T15:32:14.047777Z  INFO get_files:scan_sources: tailwindcss_oxide::scanner: Discovering "C:\\Users\\ascom\\Desktop\\next repo\\last repo\\Game\\next.config.js"
2025-06-15T15:32:14.048079Z  INFO get_files:scan_sources: tailwindcss_oxide::scanner: Discovering "C:\\Users\\ascom\\Desktop\\next repo\\last repo\\Game\\next.config.ts"
2025-06-15T15:32:14.049167Z  INFO get_files:scan_sources: tailwindcss_oxide::scanner: Discovering "C:\\Users\\ascom\\Desktop\\next repo\\last repo\\Game\\package.json"
2025-06-15T15:32:14.049593Z  INFO get_files:scan_sources: tailwindcss_oxide::scanner: Discovering "C:\\Users\\ascom\\Desktop\\next repo\\last repo\\Game\\postcss.config.mjs"
2025-06-15T15:32:14.050004Z  INFO get_files:scan_sources: tailwindcss_oxide::scanner: Discovering "C:\\Users\\ascom\\Desktop\\next repo\\last repo\\Game\\public"
2025-06-15T15:32:14.050738Z  INFO get_files:scan_sources: tailwindcss_oxide::scanner: Discovering "C:\\Users\\ascom\\Desktop\\next repo\\last repo\\Game\\public\\file.svg"
2025-06-15T15:32:14.051178Z  INFO get_files:scan_sources: tailwindcss_oxide::scanner: Discovering "C:\\Users\\ascom\\Desktop\\next repo\\last repo\\Game\\public\\globe.svg"
2025-06-15T15:32:14.051624Z  INFO get_files:scan_sources: tailwindcss_oxide::scanner: Discovering "C:\\Users\\ascom\\Desktop\\next repo\\last repo\\Game\\public\\next.svg"
2025-06-15T15:32:14.052104Z  INFO get_files:scan_sources: tailwindcss_oxide::scanner: Discovering "C:\\Users\\ascom\\Desktop\\next repo\\last repo\\Game\\public\\vercel.svg"
2025-06-15T15:32:14.052451Z  INFO get_files:scan_sources: tailwindcss_oxide::scanner: Discovering "C:\\Users\\ascom\\Desktop\\next repo\\last repo\\Game\\public\\window.svg"
2025-06-15T15:32:14.052963Z  INFO get_files:scan_sources: tailwindcss_oxide::scanner: Discovering "C:\\Users\\ascom\\Desktop\\next repo\\last repo\\Game\\README.md"
2025-06-15T15:32:14.053299Z  INFO get_files:scan_sources: tailwindcss_oxide::scanner: Discovering "C:\\Users\\ascom\\Desktop\\next repo\\last repo\\Game\\src"
2025-06-15T15:32:14.053757Z  INFO get_files:scan_sources: tailwindcss_oxide::scanner: Discovering "C:\\Users\\ascom\\Desktop\\next repo\\last repo\\Game\\src\\app"
2025-06-15T15:32:14.054237Z  INFO get_files:scan_sources: tailwindcss_oxide::scanner: Discovering "C:\\Users\\ascom\\Desktop\\next repo\\last repo\\Game\\src\\app\\(components)"
2025-06-15T15:32:14.054725Z  INFO get_files:scan_sources: tailwindcss_oxide::scanner: Discovering "C:\\Users\\ascom\\Desktop\\next repo\\last repo\\Game\\src\\app\\(components)\\auth"
2025-06-15T15:32:14.055151Z  INFO get_files:scan_sources: tailwindcss_oxide::scanner: Discovering "C:\\Users\\ascom\\Desktop\\next repo\\last repo\\Game\\src\\app\\(components)\\auth\\LoginForm.tsx"
2025-06-15T15:32:14.055428Z  INFO get_files:scan_sources: tailwindcss_oxide::scanner: Discovering "C:\\Users\\ascom\\Desktop\\next repo\\last repo\\Game\\src\\app\\(components)\\auth\\RegisterForm.tsx"
2025-06-15T15:32:14.055946Z  INFO get_files:scan_sources: tailwindcss_oxide::scanner: Discovering "C:\\Users\\ascom\\Desktop\\next repo\\last repo\\Game\\src\\app\\(components)\\HowWeWorkVideo.tsx"
2025-06-15T15:32:14.057181Z  INFO get_files:scan_sources: tailwindcss_oxide::scanner: Discovering "C:\\Users\\ascom\\Desktop\\next repo\\last repo\\Game\\src\\app\\(components)\\ServicesSlider.tsx"
2025-06-15T15:32:14.057734Z  INFO get_files:scan_sources: tailwindcss_oxide::scanner: Discovering "C:\\Users\\ascom\\Desktop\\next repo\\last repo\\Game\\src\\app\\(components)\\shared"
2025-06-15T15:32:14.058350Z  INFO get_files:scan_sources: tailwindcss_oxide::scanner: Discovering "C:\\Users\\ascom\\Desktop\\next repo\\last repo\\Game\\src\\app\\(components)\\shared\\Footer.tsx"
2025-06-15T15:32:14.058622Z  INFO get_files:scan_sources: tailwindcss_oxide::scanner: Discovering "C:\\Users\\ascom\\Desktop\\next repo\\last repo\\Game\\src\\app\\(components)\\shared\\GameCard.tsx"
2025-06-15T15:32:14.058894Z  INFO get_files:scan_sources: tailwindcss_oxide::scanner: Discovering "C:\\Users\\ascom\\Desktop\\next repo\\last repo\\Game\\src\\app\\(components)\\shared\\Navbar.tsx"
2025-06-15T15:32:14.059172Z  INFO get_files:scan_sources: tailwindcss_oxide::scanner: Discovering "C:\\Users\\ascom\\Desktop\\next repo\\last repo\\Game\\src\\app\\(components)\\shared\\SharedButton.tsx"
2025-06-15T15:32:14.059515Z  INFO get_files:scan_sources: tailwindcss_oxide::scanner: Discovering "C:\\Users\\ascom\\Desktop\\next repo\\last repo\\Game\\src\\app\\(components)\\styles"
2025-06-15T15:32:14.059931Z  INFO get_files:scan_sources: tailwindcss_oxide::scanner: Discovering "C:\\Users\\ascom\\Desktop\\next repo\\last repo\\Game\\src\\app\\(components)\\styles\\colors.js"
2025-06-15T15:32:14.060192Z  INFO get_files:scan_sources: tailwindcss_oxide::scanner: Discovering "C:\\Users\\ascom\\Desktop\\next repo\\last repo\\Game\\src\\app\\(components)\\styles\\fonts.js"
2025-06-15T15:32:14.060611Z  INFO get_files:scan_sources: tailwindcss_oxide::scanner: Discovering "C:\\Users\\ascom\\Desktop\\next repo\\last repo\\Game\\src\\app\\(components)\\ui"
2025-06-15T15:32:14.061273Z  INFO get_files:scan_sources: tailwindcss_oxide::scanner: Discovering "C:\\Users\\ascom\\Desktop\\next repo\\last repo\\Game\\src\\app\\(components)\\ui\\button.tsx"
2025-06-15T15:32:14.061707Z  INFO get_files:scan_sources: tailwindcss_oxide::scanner: Discovering "C:\\Users\\ascom\\Desktop\\next repo\\last repo\\Game\\src\\app\\(components)\\ui\\card.tsx"
2025-06-15T15:32:14.062107Z  INFO get_files:scan_sources: tailwindcss_oxide::scanner: Discovering "C:\\Users\\ascom\\Desktop\\next repo\\last repo\\Game\\src\\app\\(components)\\ui\\input.tsx"
2025-06-15T15:32:14.062498Z  INFO get_files:scan_sources: tailwindcss_oxide::scanner: Discovering "C:\\Users\\ascom\\Desktop\\next repo\\last repo\\Game\\src\\app\\(components)\\VideoWithPlayButton.tsx"
2025-06-15T15:32:14.062907Z  INFO get_files:scan_sources: tailwindcss_oxide::scanner: Discovering "C:\\Users\\ascom\\Desktop\\next repo\\last repo\\Game\\src\\app\\about"
2025-06-15T15:32:14.063570Z  INFO get_files:scan_sources: tailwindcss_oxide::scanner: Discovering "C:\\Users\\ascom\\Desktop\\next repo\\last repo\\Game\\src\\app\\about\\about.module.css"
2025-06-15T15:32:14.064020Z  INFO get_files:scan_sources: tailwindcss_oxide::scanner: Discovering "C:\\Users\\ascom\\Desktop\\next repo\\last repo\\Game\\src\\app\\about\\page.tsx"
2025-06-15T15:32:14.064377Z  INFO get_files:scan_sources: tailwindcss_oxide::scanner: Discovering "C:\\Users\\ascom\\Desktop\\next repo\\last repo\\Game\\src\\app\\api"
2025-06-15T15:32:14.064863Z  INFO get_files:scan_sources: tailwindcss_oxide::scanner: Discovering "C:\\Users\\ascom\\Desktop\\next repo\\last repo\\Game\\src\\app\\api\\auth"
2025-06-15T15:32:14.065364Z  INFO get_files:scan_sources: tailwindcss_oxide::scanner: Discovering "C:\\Users\\ascom\\Desktop\\next repo\\last repo\\Game\\src\\app\\api\\auth\\register"
2025-06-15T15:32:14.065985Z  INFO get_files:scan_sources: tailwindcss_oxide::scanner: Discovering "C:\\Users\\ascom\\Desktop\\next repo\\last repo\\Game\\src\\app\\api\\auth\\register\\route.ts"
2025-06-15T15:32:14.066352Z  INFO get_files:scan_sources: tailwindcss_oxide::scanner: Discovering "C:\\Users\\ascom\\Desktop\\next repo\\last repo\\Game\\src\\app\\api\\auth\\[...nextauth]"
2025-06-15T15:32:14.066852Z  INFO get_files:scan_sources: tailwindcss_oxide::scanner: Discovering "C:\\Users\\ascom\\Desktop\\next repo\\last repo\\Game\\src\\app\\api\\auth\\[...nextauth]\\lib"
2025-06-15T15:32:14.067505Z  INFO get_files:scan_sources: tailwindcss_oxide::scanner: Discovering "C:\\Users\\ascom\\Desktop\\next repo\\last repo\\Game\\src\\app\\api\\auth\\[...nextauth]\\lib\\nextAuth.ts"
2025-06-15T15:32:14.067859Z  INFO get_files:scan_sources: tailwindcss_oxide::scanner: Discovering "C:\\Users\\ascom\\Desktop\\next repo\\last repo\\Game\\src\\app\\api\\auth\\[...nextauth]\\route.ts"
2025-06-15T15:32:14.068331Z  INFO get_files:scan_sources: tailwindcss_oxide::scanner: Discovering "C:\\Users\\ascom\\Desktop\\next repo\\last repo\\Game\\src\\app\\auth"
2025-06-15T15:32:14.068831Z  INFO get_files:scan_sources: tailwindcss_oxide::scanner: Discovering "C:\\Users\\ascom\\Desktop\\next repo\\last repo\\Game\\src\\app\\auth\\error"
2025-06-15T15:32:14.069272Z  INFO get_files:scan_sources: tailwindcss_oxide::scanner: Discovering "C:\\Users\\ascom\\Desktop\\next repo\\last repo\\Game\\src\\app\\auth\\error\\page.tsx"
2025-06-15T15:32:14.069613Z  INFO get_files:scan_sources: tailwindcss_oxide::scanner: Discovering "C:\\Users\\ascom\\Desktop\\next repo\\last repo\\Game\\src\\app\\auth\\login"
2025-06-15T15:32:14.070368Z  INFO get_files:scan_sources: tailwindcss_oxide::scanner: Discovering "C:\\Users\\ascom\\Desktop\\next repo\\last repo\\Game\\src\\app\\auth\\login\\page.tsx"
2025-06-15T15:32:14.070773Z  INFO get_files:scan_sources: tailwindcss_oxide::scanner: Discovering "C:\\Users\\ascom\\Desktop\\next repo\\last repo\\Game\\src\\app\\auth\\register"
2025-06-15T15:32:14.071237Z  INFO get_files:scan_sources: tailwindcss_oxide::scanner: Discovering "C:\\Users\\ascom\\Desktop\\next repo\\last repo\\Game\\src\\app\\auth\\register\\page.tsx"
2025-06-15T15:32:14.071661Z  INFO get_files:scan_sources: tailwindcss_oxide::scanner: Discovering "C:\\Users\\ascom\\Desktop\\next repo\\last repo\\Game\\src\\app\\context"
2025-06-15T15:32:14.072474Z  INFO get_files:scan_sources: tailwindcss_oxide::scanner: Discovering "C:\\Users\\ascom\\Desktop\\next repo\\last repo\\Game\\src\\app\\context\\WishlistContext.tsx"
2025-06-15T15:32:14.072910Z  INFO get_files:scan_sources: tailwindcss_oxide::scanner: Discovering "C:\\Users\\ascom\\Desktop\\next repo\\last repo\\Game\\src\\app\\games"
2025-06-15T15:32:14.073409Z  INFO get_files:scan_sources: tailwindcss_oxide::scanner: Discovering "C:\\Users\\ascom\\Desktop\\next repo\\last repo\\Game\\src\\app\\games\\page.tsx"
2025-06-15T15:32:14.073808Z  INFO get_files:scan_sources: tailwindcss_oxide::scanner: Discovering "C:\\Users\\ascom\\Desktop\\next repo\\last repo\\Game\\src\\app\\games\\[id]"
2025-06-15T15:32:14.074319Z  INFO get_files:scan_sources: tailwindcss_oxide::scanner: Discovering "C:\\Users\\ascom\\Desktop\\next repo\\last repo\\Game\\src\\app\\games\\[id]\\page.tsx"
2025-06-15T15:32:14.074624Z  INFO get_files:scan_sources: tailwindcss_oxide::scanner: Discovering "C:\\Users\\ascom\\Desktop\\next repo\\last repo\\Game\\src\\app\\globals.css"
2025-06-15T15:32:14.075094Z  INFO get_files:scan_sources: tailwindcss_oxide::scanner: Discovering "C:\\Users\\ascom\\Desktop\\next repo\\last repo\\Game\\src\\app\\layout.tsx"
2025-06-15T15:32:14.075372Z  INFO get_files:scan_sources: tailwindcss_oxide::scanner: Discovering "C:\\Users\\ascom\\Desktop\\next repo\\last repo\\Game\\src\\app\\middleware.ts"
2025-06-15T15:32:14.075781Z  INFO get_files:scan_sources: tailwindcss_oxide::scanner: Discovering "C:\\Users\\ascom\\Desktop\\next repo\\last repo\\Game\\src\\app\\not-found.tsx"
2025-06-15T15:32:14.076090Z  INFO get_files:scan_sources: tailwindcss_oxide::scanner: Discovering "C:\\Users\\ascom\\Desktop\\next repo\\last repo\\Game\\src\\app\\page.tsx"
2025-06-15T15:32:14.076437Z  INFO get_files:scan_sources: tailwindcss_oxide::scanner: Discovering "C:\\Users\\ascom\\Desktop\\next repo\\last repo\\Game\\src\\app\\profile"
2025-06-15T15:32:14.077061Z  INFO get_files:scan_sources: tailwindcss_oxide::scanner: Discovering "C:\\Users\\ascom\\Desktop\\next repo\\last repo\\Game\\src\\app\\profile\\page.jsx"
2025-06-15T15:32:14.077578Z  INFO get_files:scan_sources: tailwindcss_oxide::scanner: Discovering "C:\\Users\\ascom\\Desktop\\next repo\\last repo\\Game\\src\\app\\providers"
2025-06-15T15:32:14.078062Z  INFO get_files:scan_sources: tailwindcss_oxide::scanner: Discovering "C:\\Users\\ascom\\Desktop\\next repo\\last repo\\Game\\src\\app\\providers\\NextAuthProvider.tsx"
2025-06-15T15:32:14.078446Z  INFO get_files:scan_sources: tailwindcss_oxide::scanner: Discovering "C:\\Users\\ascom\\Desktop\\next repo\\last repo\\Game\\src\\app\\test"
2025-06-15T15:32:14.080910Z  INFO get_files:scan_sources: tailwindcss_oxide::scanner: Discovering "C:\\Users\\ascom\\Desktop\\next repo\\last repo\\Game\\src\\app\\test\\page.tsx"
2025-06-15T15:32:14.083827Z  INFO get_files:scan_sources: tailwindcss_oxide::scanner: Discovering "C:\\Users\\ascom\\Desktop\\next repo\\last repo\\Game\\src\\app\\watch-list"
2025-06-15T15:32:14.085005Z  INFO get_files:scan_sources: tailwindcss_oxide::scanner: Discovering "C:\\Users\\ascom\\Desktop\\next repo\\last repo\\Game\\src\\app\\watch-list\\page.tsx"
2025-06-15T15:32:14.085529Z  INFO get_files:scan_sources: tailwindcss_oxide::scanner: Discovering "C:\\Users\\ascom\\Desktop\\next repo\\last repo\\Game\\src\\components"
2025-06-15T15:32:14.086149Z  INFO get_files:scan_sources: tailwindcss_oxide::scanner: Discovering "C:\\Users\\ascom\\Desktop\\next repo\\last repo\\Game\\src\\components\\ui"
2025-06-15T15:32:14.087690Z  INFO get_files:scan_sources: tailwindcss_oxide::scanner: Discovering "C:\\Users\\ascom\\Desktop\\next repo\\last repo\\Game\\src\\components\\ui\\avatar.tsx"
2025-06-15T15:32:14.088190Z  INFO get_files:scan_sources: tailwindcss_oxide::scanner: Discovering "C:\\Users\\ascom\\Desktop\\next repo\\last repo\\Game\\src\\components\\ui\\separator.tsx"
2025-06-15T15:32:14.088779Z  INFO get_files:scan_sources: tailwindcss_oxide::scanner: Discovering "C:\\Users\\ascom\\Desktop\\next repo\\last repo\\Game\\src\\lib"
2025-06-15T15:32:14.089319Z  INFO get_files:scan_sources: tailwindcss_oxide::scanner: Discovering "C:\\Users\\ascom\\Desktop\\next repo\\last repo\\Game\\src\\lib\\authSchemas.ts"
2025-06-15T15:32:14.089779Z  INFO get_files:scan_sources: tailwindcss_oxide::scanner: Discovering "C:\\Users\\ascom\\Desktop\\next repo\\last repo\\Game\\src\\lib\\data.js"
2025-06-15T15:32:14.090111Z  INFO get_files:scan_sources: tailwindcss_oxide::scanner: Discovering "C:\\Users\\ascom\\Desktop\\next repo\\last repo\\Game\\src\\lib\\mongodb.ts"
2025-06-15T15:32:14.090420Z  INFO get_files:scan_sources: tailwindcss_oxide::scanner: Discovering "C:\\Users\\ascom\\Desktop\\next repo\\last repo\\Game\\src\\lib\\rowData.json"
2025-06-15T15:32:14.090791Z  INFO get_files:scan_sources: tailwindcss_oxide::scanner: Discovering "C:\\Users\\ascom\\Desktop\\next repo\\last repo\\Game\\src\\lib\\utils.js"
2025-06-15T15:32:14.091079Z  INFO get_files:scan_sources: tailwindcss_oxide::scanner: Discovering "C:\\Users\\ascom\\Desktop\\next repo\\last repo\\Game\\src\\lib\\utils.ts"
2025-06-15T15:32:14.091412Z  INFO get_files:scan_sources: tailwindcss_oxide::scanner: Discovering "C:\\Users\\ascom\\Desktop\\next repo\\last repo\\Game\\src\\middleware.ts"
2025-06-15T15:32:14.091707Z  INFO get_files:scan_sources: tailwindcss_oxide::scanner: Discovering "C:\\Users\\ascom\\Desktop\\next repo\\last repo\\Game\\src\\models"
2025-06-15T15:32:14.093469Z  INFO get_files:scan_sources: tailwindcss_oxide::scanner: Discovering "C:\\Users\\ascom\\Desktop\\next repo\\last repo\\Game\\src\\models\\User.ts"
2025-06-15T15:32:14.094120Z  INFO get_files:scan_sources: tailwindcss_oxide::scanner: Discovering "C:\\Users\\ascom\\Desktop\\next repo\\last repo\\Game\\tsconfig.json"
2025-06-15T15:32:14.094828Z  INFO get_files:scan_sources: tailwindcss_oxide::scanner: exit
2025-06-15T15:32:14.101245Z  INFO get_files: tailwindcss_oxide::scanner: exit
2025-06-15T15:32:14.101368Z  INFO get_globs: tailwindcss_oxide::scanner: enter
2025-06-15T15:32:14.101396Z  INFO get_globs:scan_sources: tailwindcss_oxide::scanner: enter
2025-06-15T15:32:14.126475Z  INFO get_globs:scan_sources: tailwindcss_oxide::scanner: Discovering "C:\\Users\\ascom\\Desktop\\next repo\\last repo\\Game\\public"
2025-06-15T15:32:14.128448Z  INFO get_globs:scan_sources: tailwindcss_oxide::scanner: Discovering "C:\\Users\\ascom\\Desktop\\next repo\\last repo\\Game\\src"
2025-06-15T15:32:14.129145Z  INFO get_globs:scan_sources: tailwindcss_oxide::scanner: Discovering "C:\\Users\\ascom\\Desktop\\next repo\\last repo\\Game\\src\\app"
2025-06-15T15:32:14.129668Z  INFO get_globs:scan_sources: tailwindcss_oxide::scanner: Discovering "C:\\Users\\ascom\\Desktop\\next repo\\last repo\\Game\\src\\app\\(components)"
2025-06-15T15:32:14.130255Z  INFO get_globs:scan_sources: tailwindcss_oxide::scanner: Discovering "C:\\Users\\ascom\\Desktop\\next repo\\last repo\\Game\\src\\app\\(components)\\auth"
2025-06-15T15:32:14.131295Z  INFO get_globs:scan_sources: tailwindcss_oxide::scanner: Discovering "C:\\Users\\ascom\\Desktop\\next repo\\last repo\\Game\\src\\app\\(components)\\shared"
2025-06-15T15:32:14.136196Z  INFO get_globs:scan_sources: tailwindcss_oxide::scanner: Discovering "C:\\Users\\ascom\\Desktop\\next repo\\last repo\\Game\\src\\app\\(components)\\styles"
2025-06-15T15:32:14.137002Z  INFO get_globs:scan_sources: tailwindcss_oxide::scanner: Discovering "C:\\Users\\ascom\\Desktop\\next repo\\last repo\\Game\\src\\app\\(components)\\ui"
2025-06-15T15:32:14.138084Z  INFO get_globs:scan_sources: tailwindcss_oxide::scanner: Discovering "C:\\Users\\ascom\\Desktop\\next repo\\last repo\\Game\\src\\app\\about"
2025-06-15T15:32:14.144601Z  INFO get_globs:scan_sources: tailwindcss_oxide::scanner: Discovering "C:\\Users\\ascom\\Desktop\\next repo\\last repo\\Game\\src\\app\\api"
2025-06-15T15:32:14.147096Z  INFO get_globs:scan_sources: tailwindcss_oxide::scanner: Discovering "C:\\Users\\ascom\\Desktop\\next repo\\last repo\\Game\\src\\app\\api\\auth"
2025-06-15T15:32:14.148713Z  INFO get_globs:scan_sources: tailwindcss_oxide::scanner: Discovering "C:\\Users\\ascom\\Desktop\\next repo\\last repo\\Game\\src\\app\\api\\auth\\register"
2025-06-15T15:32:14.149703Z  INFO get_globs:scan_sources: tailwindcss_oxide::scanner: Discovering "C:\\Users\\ascom\\Desktop\\next repo\\last repo\\Game\\src\\app\\api\\auth\\[...nextauth]"
2025-06-15T15:32:14.150187Z  INFO get_globs:scan_sources: tailwindcss_oxide::scanner: Discovering "C:\\Users\\ascom\\Desktop\\next repo\\last repo\\Game\\src\\app\\api\\auth\\[...nextauth]\\lib"
2025-06-15T15:32:14.151928Z  INFO get_globs:scan_sources: tailwindcss_oxide::scanner: Discovering "C:\\Users\\ascom\\Desktop\\next repo\\last repo\\Game\\src\\app\\auth"
2025-06-15T15:32:14.152681Z  INFO get_globs:scan_sources: tailwindcss_oxide::scanner: Discovering "C:\\Users\\ascom\\Desktop\\next repo\\last repo\\Game\\src\\app\\auth\\error"
2025-06-15T15:32:14.153466Z  INFO get_globs:scan_sources: tailwindcss_oxide::scanner: Discovering "C:\\Users\\ascom\\Desktop\\next repo\\last repo\\Game\\src\\app\\auth\\login"
2025-06-15T15:32:14.154231Z  INFO get_globs:scan_sources: tailwindcss_oxide::scanner: Discovering "C:\\Users\\ascom\\Desktop\\next repo\\last repo\\Game\\src\\app\\auth\\register"
2025-06-15T15:32:14.155006Z  INFO get_globs:scan_sources: tailwindcss_oxide::scanner: Discovering "C:\\Users\\ascom\\Desktop\\next repo\\last repo\\Game\\src\\app\\context"
2025-06-15T15:32:14.155695Z  INFO get_globs:scan_sources: tailwindcss_oxide::scanner: Discovering "C:\\Users\\ascom\\Desktop\\next repo\\last repo\\Game\\src\\app\\games"
2025-06-15T15:32:14.156568Z  INFO get_globs:scan_sources: tailwindcss_oxide::scanner: Discovering "C:\\Users\\ascom\\Desktop\\next repo\\last repo\\Game\\src\\app\\games\\[id]"
2025-06-15T15:32:14.158504Z  INFO get_globs:scan_sources: tailwindcss_oxide::scanner: Discovering "C:\\Users\\ascom\\Desktop\\next repo\\last repo\\Game\\src\\app\\profile"
2025-06-15T15:32:14.159403Z  INFO get_globs:scan_sources: tailwindcss_oxide::scanner: Discovering "C:\\Users\\ascom\\Desktop\\next repo\\last repo\\Game\\src\\app\\providers"
2025-06-15T15:32:14.160104Z  INFO get_globs:scan_sources: tailwindcss_oxide::scanner: Discovering "C:\\Users\\ascom\\Desktop\\next repo\\last repo\\Game\\src\\app\\test"
2025-06-15T15:32:14.160838Z  INFO get_globs:scan_sources: tailwindcss_oxide::scanner: Discovering "C:\\Users\\ascom\\Desktop\\next repo\\last repo\\Game\\src\\app\\watch-list"
2025-06-15T15:32:14.161593Z  INFO get_globs:scan_sources: tailwindcss_oxide::scanner: Discovering "C:\\Users\\ascom\\Desktop\\next repo\\last repo\\Game\\src\\components"
2025-06-15T15:32:14.162089Z  INFO get_globs:scan_sources: tailwindcss_oxide::scanner: Discovering "C:\\Users\\ascom\\Desktop\\next repo\\last repo\\Game\\src\\components\\ui"
2025-06-15T15:32:14.162930Z  INFO get_globs:scan_sources: tailwindcss_oxide::scanner: Discovering "C:\\Users\\ascom\\Desktop\\next repo\\last repo\\Game\\src\\lib"
2025-06-15T15:32:14.164569Z  INFO get_globs:scan_sources: tailwindcss_oxide::scanner: Discovering "C:\\Users\\ascom\\Desktop\\next repo\\last repo\\Game\\src\\models"
2025-06-15T15:32:14.165482Z  INFO get_globs:scan_sources: tailwindcss_oxide::scanner: exit
2025-06-15T15:32:14.211303Z  INFO get_globs: tailwindcss_oxide::scanner: exit
